#
# A fatal error has been detected by the Java Runtime Environment:
#
#  SIGSEGV (0xb) at pc=0x00007f1890918b11, pid=29167, tid=29193
#
# JRE version: OpenJDK Runtime Environment (17.0.6+10) (build 17.0.6+10-Ubuntu-0ubuntu120.04.1)
# Java VM: OpenJDK 64-Bit Server VM (17.0.6+10-Ubuntu-0ubuntu120.04.1, mixed mode, sharing, tiered, compressed oops, compressed class ptrs, g1 gc, linux-amd64)
# Problematic frame:
# V  [libjvm.so+0x5f5b11]
#
# No core dump will be written. Core dumps have been disabled. To enable core dumping, try "ulimit -c unlimited" before starting Java again
#
# If you would like to submit a bug report, please visit:
#   Unknown
#

---------------  S U M M A R Y ------------

Command Line: -javaagent:/home/homoakin619/.local/share/JetBrains/Toolbox/apps/IDEA-C/ch-0/231.8109.175/lib/idea_rt.jar=44641:/home/homoakin619/.local/share/JetBrains/Toolbox/apps/IDEA-C/ch-0/231.8109.175/bin -Dfile.encoding=UTF-8 dev.alphacodez.marketplace.MarketplaceApplication

Host: Intel(R) Core(TM) i7-5600U CPU @ 2.60GHz, 4 cores, 7G, elementary OS 6 Jólnir
Time: Tue Apr 25 22:20:34 2023 WAT elapsed time: 17.659627 seconds (0d 0h 0m 17s)

---------------  T H R E A D  ---------------

Current thread (0x00007f1888123930):  JavaThread "Sweeper thread" daemon [_thread_in_vm, id=29193, stack(0x00007f186c3fc000,0x00007f186c4fd000)]

Stack: [0x00007f186c3fc000,0x00007f186c4fd000],  sp=0x00007f186c4fba50,  free space=1022k
Native frames: (J=compiled Java code, j=interpreted, Vv=VM code, C=native code)
V  [libjvm.so+0x5f5b11]
V  [libjvm.so+0xe7bf32]
V  [libjvm.so+0xe7c44b]
V  [libjvm.so+0xe7cde0]
V  [libjvm.so+0xe7d1e6]
V  [libjvm.so+0xedd630]
V  [libjvm.so+0xee0b34]
V  [libjvm.so+0xc33929]


siginfo: si_signo: 11 (SIGSEGV), si_code: 1 (SEGV_MAPERR), si_addr: 0x000000000004ff00

Register to memory mapping:

RAX=0x000000000004ff00 is an unknown value
RBX=0x00007f1871399e90 is at entry_point+-688 in (nmethod*)0x00007f1871399e90
RCX=0x0 is NULL
RDX=0x000000000004ff00 is an unknown value
RSP=0x00007f186c4fba50 is pointing into the stack for thread: 0x00007f1888123930
RBP=0x00007f186c4fbb90 is pointing into the stack for thread: 0x00007f1888123930
RSI=0x0 is NULL
RDI=0x00007f187139aa85 is at entry_point+2373 in (nmethod*)0x00007f1871399e90
R8 =0x00007f187139aa87 is at entry_point+2375 in (nmethod*)0x00007f1871399e90
R9 =0x00007f187113e000 points into unknown readable memory: 0x0000000000000007 | 07 00 00 00 00 00 00 00
R10=0x00007f188fd84000 points into unknown readable memory: 0x0006050403020100 | 00 01 02 03 04 05 06 00
R11=0x0000000000000286 is an unknown value
R12=0x0000000000000001 is an unknown value
R13=0x00007f186c4fbac0 is pointing into the stack for thread: 0x00007f1888123930
R14=0x0 is NULL
R15=0x00007f186c4fbb30 is pointing into the stack for thread: 0x00007f1888123930


Registers:
RAX=0x000000000004ff00, RBX=0x00007f1871399e90, RCX=0x0000000000000000, RDX=0x000000000004ff00
RSP=0x00007f186c4fba50, RBP=0x00007f186c4fbb90, RSI=0x0000000000000000, RDI=0x00007f187139aa85
R8 =0x00007f187139aa87, R9 =0x00007f187113e000, R10=0x00007f188fd84000, R11=0x0000000000000286
R12=0x0000000000000001, R13=0x00007f186c4fbac0, R14=0x0000000000000000, R15=0x00007f186c4fbb30
RIP=0x00007f1890918b11, EFLAGS=0x0000000000010206, CSGSFS=0x002b000000000033, ERR=0x0000000000000004
  TRAPNO=0x000000000000000e

Top of Stack: (sp=0x00007f186c4fba50)
0x00007f186c4fba50:   00007f1871392890 0000000034029d00
0x00007f186c4fba60:   00000000000003d8 00007f183402a0d8
0x00007f186c4fba70:   00007f1834029d00 00007f186cd3fe28
0x00007f186c4fba80:   00007f186c4fbaa0 00007f1834029cf0 

Instructions: (pc=0x00007f1890918b11)
0x00007f1890918a11:   ca c1 ea 0c 81 f9 ff cf 00 00 77 23 48 8d 0d bc
0x00007f1890918a21:   d7 a1 00 48 63 14 91 48 01 ca 3e ff e2 66 90 41
0x00007f1890918a31:   bc 01 00 00 00 66 2e 0f 1f 84 00 00 00 00 00 48
0x00007f1890918a41:   8d 48 02 48 89 8d 38 ff ff ff 48 3b 8d 40 ff ff
0x00007f1890918a51:   ff 0f 84 c8 01 00 00 48 89 c2 48 89 c8 e9 5d ff
0x00007f1890918a61:   ff ff 0f 1f 44 00 00 31 f6 bf 20 00 00 00 e8 fc
0x00007f1890918a71:   ca 6d 00 49 89 c7 48 85 c0 74 0b 4c 89 ee 48 89
0x00007f1890918a81:   c7 e8 69 d0 ff ff 4c 89 ff e8 91 cd ff ff 44 89
0x00007f1890918a91:   f1 48 89 da 4c 89 ff 48 89 c6 e8 60 e6 ff ff 84
0x00007f1890918aa1:   c0 0f 84 f9 00 00 00 48 8b 85 38 ff ff ff eb 8f
0x00007f1890918ab1:   0f 1f 80 00 00 00 00 45 84 e4 74 83 48 8b 03 48
0x00007f1890918ac1:   89 df ff 90 20 02 00 00 84 c0 0f 85 8f 00 00 00
0x00007f1890918ad1:   48 8d 05 b0 7f c8 00 66 49 0f 6e cd 4c 8d 7d a0
0x00007f1890918ae1:   c7 45 b0 0c 00 00 00 4c 89 ff 48 83 c0 10 66 48
0x00007f1890918af1:   0f 6e c0 66 0f 6c c1 0f 29 45 a0 e8 ff 29 6d 00
0x00007f1890918b01:   4c 89 ff e8 67 4a 6d 00 48 89 c2 48 85 c0 74 4f
0x00007f1890918b11:   48 8b 00 48 89 95 e8 fe ff ff 48 89 d7 ff 50 10
0x00007f1890918b21:   48 8b 95 e8 fe ff ff 84 c0 41 89 c4 0f 84 75 ff
0x00007f1890918b31:   ff ff 48 8b 42 08 48 8b 40 08 48 8b 40 18 48 8b
0x00007f1890918b41:   b8 98 00 00 00 e8 b5 5a fa ff 41 89 c4 84 c0 0f
0x00007f1890918b51:   84 72 01 00 00 66 2e 0f 1f 84 00 00 00 00 00 48
0x00007f1890918b61:   8b 85 38 ff ff ff 45 31 e4 e9 d1 fe ff ff 90 48
0x00007f1890918b71:   8b 03 4c 89 ef 4c 8b b8 00 02 00 00 e8 8e 3c 6d
0x00007f1890918b81:   00 48 89 df 48 89 c6 41 ff d7 44 89 f2 48 89 de
0x00007f1890918b91:   48 89 c7 e8 27 e6 ff ff 84 c0 0f 85 07 ff ff ff
0x00007f1890918ba1:   48 8b 85 f8 fe ff ff 4c 8b b5 00 ff ff ff 48 83
0x00007f1890918bb1:   38 00 0f 85 58 01 00 00 66 48 0f 6e c0 48 8b 85
0x00007f1890918bc1:   d8 fe ff ff 0f 16 85 e0 fe ff ff 49 89 46 20 41
0x00007f1890918bd1:   0f 11 46 10 48 8b bd f0 fe ff ff e8 4f cb ff ff
0x00007f1890918be1:   48 8d 05 28 36 d6 00 48 8b 00 4c 8b 60 30 4d 85
0x00007f1890918bf1:   e4 74 1e 48 8b 03 48 89 df ff 50 10 48 85 db 74
0x00007f1890918c01:   10 84 c0 74 0c 49 8b 04 24 48 89 de 4c 89 e7 ff 


Stack slot to memory mapping:
stack at sp + 0 slots: 0x00007f1871392890 is at entry_point+-496 in (nmethod*)0x00007f1871392890
stack at sp + 1 slots: 0x0000000034029d00 is an unknown value
stack at sp + 2 slots: 0x00000000000003d8 is an unknown value
stack at sp + 3 slots: 0x00007f183402a0d8 points into unknown readable memory: 0x00000000000003f5 | f5 03 00 00 00 00 00 00
stack at sp + 4 slots: 0x00007f1834029d00 points into unknown readable memory: 0x00007f1834029d20 | 20 9d 02 34 18 7f 00 00
stack at sp + 5 slots: {method} {0x00007f186cd3fe28} 'buildToString' '()Ljava/lang/String;' in 'org/springframework/boot/context/properties/source/ConfigurationPropertyName'
stack at sp + 6 slots: 0x00007f186c4fbaa0 is pointing into the stack for thread: 0x00007f1888123930
stack at sp + 7 slots: 0x00007f1834029cf0 points into unknown readable memory: 0x0000000000000000 | 00 00 00 00 00 00 00 00


---------------  P R O C E S S  ---------------

Threads class SMR info:
_java_thread_list=0x00007f1824b515a0, length=29, elements={
0x00007f1888116690, 0x00007f1888117a70, 0x00007f188811ce20, 0x00007f188811e1d0,
0x00007f188811f5e0, 0x00007f1888120f90, 0x00007f18881224c0, 0x00007f1888123930,
0x00007f188812ec70, 0x00007f18884a5430, 0x00007f18884a6470, 0x00007f1844000e60,
0x00007f18893cf5c0, 0x00007f1889b89400, 0x00007f1889b89f00, 0x00007f1889bbae20,
0x00007f1889d71010, 0x00007f1889d72180, 0x00007f1889d73170, 0x00007f1889d74220,
0x00007f1889d75210, 0x00007f1889d76200, 0x00007f1889d779b0, 0x00007f1889d78e70,
0x00007f1889d7a260, 0x00007f1889d7b650, 0x00007f1889d7e930, 0x00007f1889d84dd0,
0x00007f1888017760
}

Java Threads: ( => current thread )
  0x00007f1888116690 JavaThread "Reference Handler" daemon [_thread_blocked, id=29182, stack(0x00007f188c143000,0x00007f188c244000)]
  0x00007f1888117a70 JavaThread "Finalizer" daemon [_thread_blocked, id=29185, stack(0x00007f188c042000,0x00007f188c143000)]
  0x00007f188811ce20 JavaThread "Signal Dispatcher" daemon [_thread_blocked, id=29187, stack(0x00007f186d1a5000,0x00007f186d2a6000)]
  0x00007f188811e1d0 JavaThread "Service Thread" daemon [_thread_blocked, id=29189, stack(0x00007f186d0a4000,0x00007f186d1a5000)]
  0x00007f188811f5e0 JavaThread "Monitor Deflation Thread" daemon [_thread_blocked, id=29190, stack(0x00007f186c6ff000,0x00007f186c800000)]
  0x00007f1888120f90 JavaThread "C2 CompilerThread0" daemon [_thread_in_native, id=29191, stack(0x00007f186c5fe000,0x00007f186c6ff000)]
  0x00007f18881224c0 JavaThread "C1 CompilerThread0" daemon [_thread_blocked, id=29192, stack(0x00007f186c4fd000,0x00007f186c5fe000)]
=>0x00007f1888123930 JavaThread "Sweeper thread" daemon [_thread_in_vm, id=29193, stack(0x00007f186c3fc000,0x00007f186c4fd000)]
  0x00007f188812ec70 JavaThread "Common-Cleaner" daemon [_thread_blocked, id=29197, stack(0x00007f186c2fb000,0x00007f186c3fc000)]
  0x00007f18884a5430 JavaThread "Monitor Ctrl-Break" daemon [_thread_in_native, id=29199, stack(0x00007f186c0f9000,0x00007f186c1fa000)]
  0x00007f18884a6470 JavaThread "Notification Thread" daemon [_thread_blocked, id=29200, stack(0x00007f184d48e000,0x00007f184d58f000)]
  0x00007f1844000e60 JavaThread "Attach Listener" daemon [_thread_blocked, id=29209, stack(0x00007f184d087000,0x00007f184d188000)]
  0x00007f18893cf5c0 JavaThread "HikariPool-1 housekeeper" daemon [_thread_blocked, id=29217, stack(0x00007f184c6ff000,0x00007f184c800000)]
  0x00007f1889b89400 JavaThread "Catalina-utility-1" [_thread_blocked, id=29228, stack(0x00007f184c3fb000,0x00007f184c4fc000)]
  0x00007f1889b89f00 JavaThread "Catalina-utility-2" [_thread_blocked, id=29229, stack(0x00007f184c2fa000,0x00007f184c3fb000)]
  0x00007f1889bbae20 JavaThread "container-0" [_thread_blocked, id=29230, stack(0x00007f184c1f9000,0x00007f184c2fa000)]
  0x00007f1889d71010 JavaThread "http-nio-8080-exec-1" daemon [_thread_blocked, id=29231, stack(0x00007f184c0f8000,0x00007f184c1f9000)]
  0x00007f1889d72180 JavaThread "http-nio-8080-exec-2" daemon [_thread_in_vm, id=29232, stack(0x00007f18096ff000,0x00007f1809800000)]
  0x00007f1889d73170 JavaThread "http-nio-8080-exec-3" daemon [_thread_blocked, id=29233, stack(0x00007f18095fe000,0x00007f18096ff000)]
  0x00007f1889d74220 JavaThread "http-nio-8080-exec-4" daemon [_thread_blocked, id=29234, stack(0x00007f18094fd000,0x00007f18095fe000)]
  0x00007f1889d75210 JavaThread "http-nio-8080-exec-5" daemon [_thread_blocked, id=29235, stack(0x00007f18093fc000,0x00007f18094fd000)]
  0x00007f1889d76200 JavaThread "http-nio-8080-exec-6" daemon [_thread_blocked, id=29236, stack(0x00007f18092fb000,0x00007f18093fc000)]
  0x00007f1889d779b0 JavaThread "http-nio-8080-exec-7" daemon [_thread_blocked, id=29237, stack(0x00007f18091fa000,0x00007f18092fb000)]
  0x00007f1889d78e70 JavaThread "http-nio-8080-exec-8" daemon [_thread_blocked, id=29238, stack(0x00007f18090f9000,0x00007f18091fa000)]
  0x00007f1889d7a260 JavaThread "http-nio-8080-exec-9" daemon [_thread_blocked, id=29239, stack(0x00007f1808ff8000,0x00007f18090f9000)]
  0x00007f1889d7b650 JavaThread "http-nio-8080-exec-10" daemon [_thread_blocked, id=29240, stack(0x00007f1808ef7000,0x00007f1808ff8000)]
  0x00007f1889d7e930 JavaThread "http-nio-8080-Poller" daemon [_thread_in_native, id=29241, stack(0x00007f1808df6000,0x00007f1808ef7000)]
  0x00007f1889d84dd0 JavaThread "http-nio-8080-Acceptor" daemon [_thread_in_native, id=29242, stack(0x00007f1808cf5000,0x00007f1808df6000)]
  0x00007f1888017760 JavaThread "DestroyJavaVM" [_thread_blocked, id=29170, stack(0x00007f188fed6000,0x00007f188ffd7000)]

Other Threads:
  0x00007f18881125e0 VMThread "VM Thread" [stack: 0x00007f188c246000,0x00007f188c346000] [id=29179]
  0x00007f1888019370 WatcherThread [stack: 0x00007f184d38e000,0x00007f184d48e000] [id=29201]
  0x00007f188806fec0 GCTaskThread "GC Thread#0" [stack: 0x00007f188cd42000,0x00007f188ce42000] [id=29171]
  0x00007f1850005090 GCTaskThread "GC Thread#1" [stack: 0x00007f184d28c000,0x00007f184d38c000] [id=29202]
  0x00007f1850005ac0 GCTaskThread "GC Thread#2" [stack: 0x00007f184d18a000,0x00007f184d28a000] [id=29203]
  0x00007f185000b810 GCTaskThread "GC Thread#3" [stack: 0x00007f184c5ff000,0x00007f184c6ff000] [id=29213]
  0x00007f1888080960 ConcurrentGCThread "G1 Main Marker" [stack: 0x00007f188cc40000,0x00007f188cd40000] [id=29172]
  0x00007f18880818c0 ConcurrentGCThread "G1 Conc#0" [stack: 0x00007f188cb3e000,0x00007f188cc3e000] [id=29173]
  0x00007f18880e5fb0 ConcurrentGCThread "G1 Refine#0" [stack: 0x00007f188c638000,0x00007f188c738000] [id=29175]
  0x00007f18880e6ea0 ConcurrentGCThread "G1 Service" [stack: 0x00007f188c536000,0x00007f188c636000] [id=29176]

Threads with active compile tasks:
C2 CompilerThread0    17665 5139   !   4       java.util.concurrent.ConcurrentHashMap::putVal (432 bytes)

VM state: not at safepoint (normal execution)

VM Mutex/Monitor currently owned by a thread:  ([mutex/lock_event])
[0x00007f18880147d0] CompiledIC_lock - owner thread: 0x00007f1888123930

Heap address: 0x0000000085a00000, size: 1958 MB, Compressed Oops mode: 32-bit

CDS archive(s) mapped at: [0x0000000800000000-0x0000000800be3000-0x0000000800be3000), size 12464128, SharedBaseAddress: 0x0000000800000000, ArchiveRelocationMode: 0.
Compressed class space mapped at: 0x0000000800c00000-0x0000000840c00000, reserved size: 1073741824
Narrow klass base: 0x0000000800000000, Narrow klass shift: 0, Narrow klass range: 0x100000000

GC Precious Log:
 CPUs: 4 total, 4 available
 Memory: 7824M
 Large Page Support: Disabled
 NUMA Support: Disabled
 Compressed Oops: Enabled (32-bit)
 Heap Region Size: 1M
 Heap Min Capacity: 8M
 Heap Initial Capacity: 124M
 Heap Max Capacity: 1958M
 Pre-touch: Disabled
 Parallel Workers: 4
 Concurrent Workers: 1
 Concurrent Refinement Workers: 4
 Periodic GC: Disabled

Heap:
 garbage-first heap   total 66560K, used 31007K [0x0000000085a00000, 0x0000000100000000)
  region size 1024K, 10 young (10240K), 4 survivors (4096K)
 Metaspace       used 58323K, committed 58752K, reserved 1105920K
  class space    used 8012K, committed 8192K, reserved 1048576K

Heap Regions: E=young(eden), S=young(survivor), O=old, HS=humongous(starts), HC=humongous(continues), CS=collection set, F=free, OA=open archive, CA=closed archive, TAMS=top-at-mark-start (previous, next)
|   0|0x0000000085a00000, 0x0000000085b00000, 0x0000000085b00000|100%|HS|  |TAMS 0x0000000085b00000, 0x0000000085a00000| Complete 
|   1|0x0000000085b00000, 0x0000000085c00000, 0x0000000085c00000|100%| O|  |TAMS 0x0000000085c00000, 0x0000000085b00000| Untracked 
|   2|0x0000000085c00000, 0x0000000085d00000, 0x0000000085d00000|100%| O|  |TAMS 0x0000000085d00000, 0x0000000085c00000| Untracked 
|   3|0x0000000085d00000, 0x0000000085e00000, 0x0000000085e00000|100%| O|  |TAMS 0x0000000085e00000, 0x0000000085d00000| Untracked 
|   4|0x0000000085e00000, 0x0000000085f00000, 0x0000000085f00000|100%| O|  |TAMS 0x0000000085f00000, 0x0000000085e00000| Untracked 
|   5|0x0000000085f00000, 0x0000000086000000, 0x0000000086000000|100%| O|  |TAMS 0x0000000085f00000, 0x0000000085f00000| Untracked 
|   6|0x0000000086000000, 0x0000000086100000, 0x0000000086100000|100%| O|  |TAMS 0x0000000086100000, 0x0000000086000000| Untracked 
|   7|0x0000000086100000, 0x0000000086200000, 0x0000000086200000|100%| O|  |TAMS 0x0000000086200000, 0x0000000086100000| Untracked 
|   8|0x0000000086200000, 0x0000000086300000, 0x0000000086300000|100%| O|  |TAMS 0x0000000086300000, 0x0000000086200000| Untracked 
|   9|0x0000000086300000, 0x0000000086400000, 0x0000000086400000|100%| O|  |TAMS 0x0000000086400000, 0x0000000086300000| Untracked 
|  10|0x0000000086400000, 0x0000000086500000, 0x0000000086500000|100%| O|  |TAMS 0x0000000086500000, 0x0000000086400000| Untracked 
|  11|0x0000000086500000, 0x0000000086600000, 0x0000000086600000|100%| O|  |TAMS 0x0000000086600000, 0x0000000086500000| Untracked 
|  12|0x0000000086600000, 0x0000000086700000, 0x0000000086700000|100%| O|  |TAMS 0x0000000086700000, 0x0000000086600000| Untracked 
|  13|0x0000000086700000, 0x0000000086800000, 0x0000000086800000|100%| O|  |TAMS 0x0000000086800000, 0x0000000086700000| Untracked 
|  14|0x0000000086800000, 0x0000000086900000, 0x0000000086900000|100%| O|  |TAMS 0x0000000086900000, 0x0000000086800000| Untracked 
|  15|0x0000000086900000, 0x0000000086900000, 0x0000000086a00000|  0%| F|  |TAMS 0x0000000086900000, 0x0000000086900000| Untracked 
|  16|0x0000000086a00000, 0x0000000086b00000, 0x0000000086b00000|100%| O|  |TAMS 0x0000000086a00000, 0x0000000086a00000| Untracked 
|  17|0x0000000086b00000, 0x0000000086c00000, 0x0000000086c00000|100%| O|  |TAMS 0x0000000086b00000, 0x0000000086b00000| Untracked 
|  18|0x0000000086c00000, 0x0000000086d00000, 0x0000000086d00000|100%| O|  |TAMS 0x0000000086c00000, 0x0000000086c00000| Untracked 
|  19|0x0000000086d00000, 0x0000000086e00000, 0x0000000086e00000|100%| O|  |TAMS 0x0000000086d00000, 0x0000000086d00000| Untracked 
|  20|0x0000000086e00000, 0x0000000086f00000, 0x0000000086f00000|100%| O|  |TAMS 0x0000000086e00000, 0x0000000086e00000| Untracked 
|  21|0x0000000086f00000, 0x0000000086f67600, 0x0000000087000000| 40%| O|  |TAMS 0x0000000086f00000, 0x0000000086f00000| Untracked 
|  22|0x0000000087000000, 0x0000000087000000, 0x0000000087100000|  0%| F|  |TAMS 0x0000000087000000, 0x0000000087000000| Untracked 
|  23|0x0000000087100000, 0x0000000087100000, 0x0000000087200000|  0%| F|  |TAMS 0x0000000087100000, 0x0000000087100000| Untracked 
|  24|0x0000000087200000, 0x0000000087200000, 0x0000000087300000|  0%| F|  |TAMS 0x0000000087200000, 0x0000000087200000| Untracked 
|  25|0x0000000087300000, 0x0000000087300000, 0x0000000087400000|  0%| F|  |TAMS 0x0000000087300000, 0x0000000087300000| Untracked 
|  26|0x0000000087400000, 0x0000000087400000, 0x0000000087500000|  0%| F|  |TAMS 0x0000000087400000, 0x0000000087400000| Untracked 
|  27|0x0000000087500000, 0x0000000087500000, 0x0000000087600000|  0%| F|  |TAMS 0x0000000087500000, 0x0000000087500000| Untracked 
|  28|0x0000000087600000, 0x0000000087600000, 0x0000000087700000|  0%| F|  |TAMS 0x0000000087600000, 0x0000000087600000| Untracked 
|  29|0x0000000087700000, 0x0000000087700000, 0x0000000087800000|  0%| F|  |TAMS 0x0000000087700000, 0x0000000087700000| Untracked 
|  30|0x0000000087800000, 0x0000000087800000, 0x0000000087900000|  0%| F|  |TAMS 0x0000000087800000, 0x0000000087800000| Untracked 
|  31|0x0000000087900000, 0x00000000879e6808, 0x0000000087a00000| 90%| S|CS|TAMS 0x0000000087900000, 0x0000000087900000| Complete 
|  32|0x0000000087a00000, 0x0000000087b00000, 0x0000000087b00000|100%| S|CS|TAMS 0x0000000087a00000, 0x0000000087a00000| Complete 
|  33|0x0000000087b00000, 0x0000000087b00000, 0x0000000087c00000|  0%| F|  |TAMS 0x0000000087b00000, 0x0000000087b00000| Untracked 
|  34|0x0000000087c00000, 0x0000000087c00000, 0x0000000087d00000|  0%| F|  |TAMS 0x0000000087c00000, 0x0000000087c00000| Untracked 
|  35|0x0000000087d00000, 0x0000000087e00000, 0x0000000087e00000|100%| S|CS|TAMS 0x0000000087d00000, 0x0000000087d00000| Complete 
|  36|0x0000000087e00000, 0x0000000087f00000, 0x0000000087f00000|100%| S|CS|TAMS 0x0000000087e00000, 0x0000000087e00000| Complete 
|  37|0x0000000087f00000, 0x0000000087f00000, 0x0000000088000000|  0%| F|  |TAMS 0x0000000087f00000, 0x0000000087f00000| Untracked 
|  38|0x0000000088000000, 0x0000000088000000, 0x0000000088100000|  0%| F|  |TAMS 0x0000000088000000, 0x0000000088000000| Untracked 
|  39|0x0000000088100000, 0x0000000088100000, 0x0000000088200000|  0%| F|  |TAMS 0x0000000088100000, 0x0000000088100000| Untracked 
|  40|0x0000000088200000, 0x0000000088200000, 0x0000000088300000|  0%| F|  |TAMS 0x0000000088200000, 0x0000000088200000| Untracked 
|  41|0x0000000088300000, 0x0000000088300000, 0x0000000088400000|  0%| F|  |TAMS 0x0000000088300000, 0x0000000088300000| Untracked 
|  42|0x0000000088400000, 0x0000000088400000, 0x0000000088500000|  0%| F|  |TAMS 0x0000000088400000, 0x0000000088400000| Untracked 
|  43|0x0000000088500000, 0x0000000088500000, 0x0000000088600000|  0%| F|  |TAMS 0x0000000088500000, 0x0000000088500000| Untracked 
|  44|0x0000000088600000, 0x0000000088600000, 0x0000000088700000|  0%| F|  |TAMS 0x0000000088600000, 0x0000000088600000| Untracked 
|  45|0x0000000088700000, 0x0000000088700000, 0x0000000088800000|  0%| F|  |TAMS 0x0000000088700000, 0x0000000088700000| Untracked 
|  46|0x0000000088800000, 0x0000000088800000, 0x0000000088900000|  0%| F|  |TAMS 0x0000000088800000, 0x0000000088800000| Untracked 
|  47|0x0000000088900000, 0x0000000088900000, 0x0000000088a00000|  0%| F|  |TAMS 0x0000000088900000, 0x0000000088900000| Untracked 
|  48|0x0000000088a00000, 0x0000000088a00000, 0x0000000088b00000|  0%| F|  |TAMS 0x0000000088a00000, 0x0000000088a00000| Untracked 
|  49|0x0000000088b00000, 0x0000000088b00000, 0x0000000088c00000|  0%| F|  |TAMS 0x0000000088b00000, 0x0000000088b00000| Untracked 
|  50|0x0000000088c00000, 0x0000000088c00000, 0x0000000088d00000|  0%| F|  |TAMS 0x0000000088c00000, 0x0000000088c00000| Untracked 
|  51|0x0000000088d00000, 0x0000000088d00000, 0x0000000088e00000|  0%| F|  |TAMS 0x0000000088d00000, 0x0000000088d00000| Untracked 
|  52|0x0000000088e00000, 0x0000000088e00000, 0x0000000088f00000|  0%| F|  |TAMS 0x0000000088e00000, 0x0000000088e00000| Untracked 
|  53|0x0000000088f00000, 0x0000000088f00000, 0x0000000089000000|  0%| F|  |TAMS 0x0000000088f00000, 0x0000000088f00000| Untracked 
|  54|0x0000000089000000, 0x0000000089000000, 0x0000000089100000|  0%| F|  |TAMS 0x0000000089000000, 0x0000000089000000| Untracked 
|  74|0x000000008a400000, 0x000000008a400000, 0x000000008a500000|  0%| F|  |TAMS 0x000000008a400000, 0x000000008a400000| Untracked 
|  75|0x000000008a500000, 0x000000008a500000, 0x000000008a600000|  0%| F|  |TAMS 0x000000008a500000, 0x000000008a500000| Untracked 
|  76|0x000000008a600000, 0x000000008a674ee8, 0x000000008a700000| 45%| E|  |TAMS 0x000000008a600000, 0x000000008a600000| Complete 
|  77|0x000000008a700000, 0x000000008a800000, 0x000000008a800000|100%| E|CS|TAMS 0x000000008a700000, 0x000000008a700000| Complete 
|  78|0x000000008a800000, 0x000000008a900000, 0x000000008a900000|100%| E|CS|TAMS 0x000000008a800000, 0x000000008a800000| Complete 
|  79|0x000000008a900000, 0x000000008aa00000, 0x000000008aa00000|100%| E|CS|TAMS 0x000000008a900000, 0x000000008a900000| Complete 
|  80|0x000000008aa00000, 0x000000008ab00000, 0x000000008ab00000|100%| E|CS|TAMS 0x000000008aa00000, 0x000000008aa00000| Complete 
| 123|0x000000008d500000, 0x000000008d600000, 0x000000008d600000|100%| E|CS|TAMS 0x000000008d500000, 0x000000008d500000| Complete 
|1956|0x00000000ffe00000, 0x00000000ffe77000, 0x00000000fff00000| 46%|OA|  |TAMS 0x00000000ffe77000, 0x00000000ffe00000| Untracked 
|1957|0x00000000fff00000, 0x00000000fff83000, 0x0000000100000000| 51%|CA|  |TAMS 0x00000000fff83000, 0x00000000fff00000| Untracked 

Card table byte_map: [0x00007f188f0ef000,0x00007f188f4c2000] _byte_map_base: 0x00007f188ecc2000

Marking Bits (Prev, Next): (CMBitMap*) 0x00007f1888070980, (CMBitMap*) 0x00007f1888070940
 Prev Bits: [0x00007f186f2a6000, 0x00007f187113e000)
 Next Bits: [0x00007f188ce84000, 0x00007f188ed1c000)

Polling page: 0x00007f1891911000

Metaspace:

Usage:
  Non-class:     49.13 MB used.
      Class:      7.82 MB used.
       Both:     56.96 MB used.

Virtual space:
  Non-class space:       56.00 MB reserved,      49.38 MB ( 88%) committed,  7 nodes.
      Class space:        1.00 GB reserved,       8.00 MB ( <1%) committed,  1 nodes.
             Both:        1.05 GB reserved,      57.38 MB (  5%) committed. 

Chunk freelists:
   Non-Class:  2.38 MB
       Class:  3.81 MB
        Both:  6.19 MB

MaxMetaspaceSize: unlimited
CompressedClassSpaceSize: 1.00 GB
Initial GC threshold: 21.00 MB
Current GC threshold: 72.94 MB
CDS: on
MetaspaceReclaimPolicy: balanced
 - commit_granule_bytes: 65536.
 - commit_granule_words: 8192.
 - virtual_space_node_default_size: 1048576.
 - enlarge_chunks_in_place: 1.
 - new_chunks_are_fully_committed: 0.
 - uncommit_free_chunks: 1.
 - use_allocation_guard: 0.
 - handle_deallocations: 1.


Internal statistics:

num_allocs_failed_limit: 9.
num_arena_births: 652.
num_arena_deaths: 0.
num_vsnodes_births: 8.
num_vsnodes_deaths: 0.
num_space_committed: 918.
num_space_uncommitted: 0.
num_chunks_returned_to_freelist: 9.
num_chunks_taken_from_freelist: 2722.
num_chunk_merges: 9.
num_chunk_splits: 2017.
num_chunks_enlarged: 1624.
num_purges: 0.
num_inconsistent_stats: 0.

CodeHeap 'non-profiled nmethods': size=120032Kb used=2832Kb max_used=2832Kb free=117199Kb
 bounds [0x00007f1878c06000, 0x00007f1878ed6000, 0x00007f188013e000]
CodeHeap 'profiled nmethods': size=120028Kb used=10151Kb max_used=10151Kb free=109876Kb
 bounds [0x00007f187113e000, 0x00007f1871b2e000, 0x00007f1878675000]
CodeHeap 'non-nmethods': size=5700Kb used=1301Kb max_used=1361Kb free=4398Kb
 bounds [0x00007f1878675000, 0x00007f18788e5000, 0x00007f1878c06000]
 total_blobs=5771 nmethods=5139 adapters=545
 compilation: enabled
              stopped_count=0, restarted_count=0
 full_count=0

Compilation events (20 events):
Event: 17.618 Thread 0x00007f18881224c0 5146       3       java.util.regex.Pattern$CharPredicate::lambda$negate$3 (16 bytes)
Event: 17.619 Thread 0x00007f18881224c0 nmethod 5146 0x00007f1871b22990 code [0x00007f1871b22b40, 0x00007f1871b22d60]
Event: 17.619 Thread 0x00007f18881224c0 5145       3       java.util.regex.Pattern$CharPredicate$$Lambda$23/0x80000002d::is (11 bytes)
Event: 17.619 Thread 0x00007f18881224c0 nmethod 5145 0x00007f1871b22e10 code [0x00007f1871b22fc0, 0x00007f1871b23320]
Event: 17.619 Thread 0x00007f18881224c0 5147       3       java.util.regex.Pattern$CharPredicate$$Lambda$1137/0x0000000800f7bbf8::is (15 bytes)
Event: 17.619 Thread 0x00007f18881224c0 nmethod 5147 0x00007f1871b23410 code [0x00007f1871b235e0, 0x00007f1871b23a70]
Event: 17.619 Thread 0x00007f18881224c0 5148       3       java.util.regex.Pattern$CharPredicate::lambda$and$0 (26 bytes)
Event: 17.619 Thread 0x00007f18881224c0 nmethod 5148 0x00007f1871b23c10 code [0x00007f1871b23de0, 0x00007f1871b24110]
Event: 17.619 Thread 0x00007f18881224c0 5149       3       java.util.regex.CharPredicates$$Lambda$1212/0x0000000801342b40::is (5 bytes)
Event: 17.619 Thread 0x00007f18881224c0 nmethod 5149 0x00007f1871b24210 code [0x00007f1871b243e0, 0x00007f1871b246f0]
Event: 17.619 Thread 0x00007f18881224c0 5150       3       java.util.regex.CharPredicates::lambda$ASSIGNED$4 (13 bytes)
Event: 17.620 Thread 0x00007f18881224c0 nmethod 5150 0x00007f1871b24810 code [0x00007f1871b249e0, 0x00007f1871b24c70]
Event: 17.620 Thread 0x00007f18881224c0 5151       3       java.util.regex.CharPredicates$$Lambda$1213/0x0000000801342da0::is (5 bytes)
Event: 17.620 Thread 0x00007f18881224c0 nmethod 5151 0x00007f1871b24d90 code [0x00007f1871b24f60, 0x00007f1871b25270]
Event: 17.620 Thread 0x00007f18881224c0 5152       3       java.util.regex.CharPredicates::lambda$CONTROL$1 (15 bytes)
Event: 17.620 Thread 0x00007f18881224c0 nmethod 5152 0x00007f1871b25390 code [0x00007f1871b25560, 0x00007f1871b257f0]
Event: 17.626 Thread 0x00007f18881224c0 5153   !   2       jdk.internal.loader.URLClassPath$JarLoader::getResource (354 bytes)
Event: 17.628 Thread 0x00007f18881224c0 nmethod 5153 0x00007f1871b25910 code [0x00007f1871b25ca0, 0x00007f1871b26cd0]
Event: 17.628 Thread 0x00007f18881224c0 5154       2       java.util.HashSet::add (20 bytes)
Event: 17.628 Thread 0x00007f18881224c0 nmethod 5154 0x00007f1871b27c10 code [0x00007f1871b27dc0, 0x00007f1871b27f00]

GC Heap History (20 events):
Event: 3.290 GC heap before
{Heap before GC invocations=3 (full 0):
 garbage-first heap   total 129024K, used 49323K [0x0000000085a00000, 0x0000000100000000)
  region size 1024K, 43 young (44032K), 4 survivors (4096K)
 Metaspace       used 21215K, committed 21504K, reserved 1073152K
  class space    used 2665K, committed 2752K, reserved 1048576K
}
Event: 3.300 GC heap after
{Heap after GC invocations=4 (full 0):
 garbage-first heap   total 129024K, used 13481K [0x0000000085a00000, 0x0000000100000000)
  region size 1024K, 7 young (7168K), 7 survivors (7168K)
 Metaspace       used 21215K, committed 21504K, reserved 1073152K
  class space    used 2665K, committed 2752K, reserved 1048576K
}
Event: 4.150 GC heap before
{Heap before GC invocations=5 (full 0):
 garbage-first heap   total 55296K, used 39081K [0x0000000085a00000, 0x0000000100000000)
  region size 1024K, 32 young (32768K), 7 survivors (7168K)
 Metaspace       used 27065K, committed 27392K, reserved 1081344K
  class space    used 3442K, committed 3584K, reserved 1048576K
}
Event: 4.172 GC heap after
{Heap after GC invocations=6 (full 0):
 garbage-first heap   total 55296K, used 16126K [0x0000000085a00000, 0x0000000100000000)
  region size 1024K, 3 young (3072K), 3 survivors (3072K)
 Metaspace       used 27065K, committed 27392K, reserved 1081344K
  class space    used 3442K, committed 3584K, reserved 1048576K
}
Event: 4.212 GC heap before
{Heap before GC invocations=6 (full 0):
 garbage-first heap   total 55296K, used 17150K [0x0000000085a00000, 0x0000000100000000)
  region size 1024K, 4 young (4096K), 3 survivors (3072K)
 Metaspace       used 27310K, committed 27648K, reserved 1081344K
  class space    used 3475K, committed 3648K, reserved 1048576K
}
Event: 4.219 GC heap after
{Heap after GC invocations=7 (full 0):
 garbage-first heap   total 66560K, used 17035K [0x0000000085a00000, 0x0000000100000000)
  region size 1024K, 1 young (1024K), 1 survivors (1024K)
 Metaspace       used 27310K, committed 27648K, reserved 1081344K
  class space    used 3475K, committed 3648K, reserved 1048576K
}
Event: 4.931 GC heap before
{Heap before GC invocations=7 (full 0):
 garbage-first heap   total 66560K, used 45707K [0x0000000085a00000, 0x0000000100000000)
  region size 1024K, 29 young (29696K), 1 survivors (1024K)
 Metaspace       used 33812K, committed 34240K, reserved 1081344K
  class space    used 4464K, committed 4672K, reserved 1048576K
}
Event: 4.938 GC heap after
{Heap after GC invocations=8 (full 0):
 garbage-first heap   total 66560K, used 18390K [0x0000000085a00000, 0x0000000100000000)
  region size 1024K, 2 young (2048K), 2 survivors (2048K)
 Metaspace       used 33812K, committed 34240K, reserved 1081344K
  class space    used 4464K, committed 4672K, reserved 1048576K
}
Event: 5.047 GC heap before
{Heap before GC invocations=8 (full 0):
 garbage-first heap   total 66560K, used 22486K [0x0000000085a00000, 0x0000000100000000)
  region size 1024K, 7 young (7168K), 2 survivors (2048K)
 Metaspace       used 35562K, committed 35968K, reserved 1081344K
  class space    used 4659K, committed 4864K, reserved 1048576K
}
Event: 5.055 GC heap after
{Heap after GC invocations=9 (full 0):
 garbage-first heap   total 66560K, used 18901K [0x0000000085a00000, 0x0000000100000000)
  region size 1024K, 3 young (3072K), 3 survivors (3072K)
 Metaspace       used 35562K, committed 35968K, reserved 1081344K
  class space    used 4659K, committed 4864K, reserved 1048576K
}
Event: 5.756 GC heap before
{Heap before GC invocations=10 (full 0):
 garbage-first heap   total 66560K, used 48597K [0x0000000085a00000, 0x0000000100000000)
  region size 1024K, 32 young (32768K), 3 survivors (3072K)
 Metaspace       used 44021K, committed 44480K, reserved 1089536K
  class space    used 5944K, committed 6144K, reserved 1048576K
}
Event: 5.765 GC heap after
{Heap after GC invocations=11 (full 0):
 garbage-first heap   total 66560K, used 21005K [0x0000000085a00000, 0x0000000100000000)
  region size 1024K, 3 young (3072K), 3 survivors (3072K)
 Metaspace       used 44021K, committed 44480K, reserved 1089536K
  class space    used 5944K, committed 6144K, reserved 1048576K
}
Event: 6.443 GC heap before
{Heap before GC invocations=12 (full 0):
 garbage-first heap   total 66560K, used 49677K [0x0000000085a00000, 0x0000000100000000)
  region size 1024K, 31 young (31744K), 3 survivors (3072K)
 Metaspace       used 50075K, committed 50496K, reserved 1097728K
  class space    used 6858K, committed 7040K, reserved 1048576K
}
Event: 6.453 GC heap after
{Heap after GC invocations=13 (full 0):
 garbage-first heap   total 66560K, used 22538K [0x0000000085a00000, 0x0000000100000000)
  region size 1024K, 2 young (2048K), 2 survivors (2048K)
 Metaspace       used 50075K, committed 50496K, reserved 1097728K
  class space    used 6858K, committed 7040K, reserved 1048576K
}
Event: 6.512 GC heap before
{Heap before GC invocations=13 (full 0):
 garbage-first heap   total 66560K, used 23562K [0x0000000085a00000, 0x0000000100000000)
  region size 1024K, 3 young (3072K), 2 survivors (2048K)
 Metaspace       used 50193K, committed 50624K, reserved 1097728K
  class space    used 6890K, committed 7104K, reserved 1048576K
}
Event: 6.518 GC heap after
{Heap after GC invocations=14 (full 0):
 garbage-first heap   total 66560K, used 22234K [0x0000000085a00000, 0x0000000100000000)
  region size 1024K, 1 young (1024K), 1 survivors (1024K)
 Metaspace       used 50193K, committed 50624K, reserved 1097728K
  class space    used 6890K, committed 7104K, reserved 1048576K
}
Event: 7.135 GC heap before
{Heap before GC invocations=14 (full 0):
 garbage-first heap   total 66560K, used 49882K [0x0000000085a00000, 0x0000000100000000)
  region size 1024K, 28 young (28672K), 1 survivors (1024K)
 Metaspace       used 53706K, committed 54144K, reserved 1097728K
  class space    used 7373K, committed 7616K, reserved 1048576K
}
Event: 7.141 GC heap after
{Heap after GC invocations=15 (full 0):
 garbage-first heap   total 66560K, used 23928K [0x0000000085a00000, 0x0000000100000000)
  region size 1024K, 2 young (2048K), 2 survivors (2048K)
 Metaspace       used 53706K, committed 54144K, reserved 1097728K
  class space    used 7373K, committed 7616K, reserved 1048576K
}
Event: 17.530 GC heap before
{Heap before GC invocations=15 (full 0):
 garbage-first heap   total 66560K, used 50552K [0x0000000085a00000, 0x0000000100000000)
  region size 1024K, 28 young (28672K), 2 survivors (2048K)
 Metaspace       used 56857K, committed 57280K, reserved 1105920K
  class space    used 7807K, committed 8000K, reserved 1048576K
}
Event: 17.535 GC heap after
{Heap after GC invocations=16 (full 0):
 garbage-first heap   total 66560K, used 25887K [0x0000000085a00000, 0x0000000100000000)
  region size 1024K, 4 young (4096K), 4 survivors (4096K)
 Metaspace       used 56857K, committed 57280K, reserved 1105920K
  class space    used 7807K, committed 8000K, reserved 1048576K
}

Dll operation events (12 events):
Event: 0.002 Loaded shared library /usr/lib/jvm/java-17-openjdk-amd64/lib/libjava.so
Event: 0.012 Loaded shared library /usr/lib/jvm/java-17-openjdk-amd64/lib/libjsvml.so
Event: 0.115 Loaded shared library /usr/lib/jvm/java-17-openjdk-amd64/lib/libzip.so
Event: 0.117 Loaded shared library /usr/lib/jvm/java-17-openjdk-amd64/lib/libinstrument.so
Event: 0.120 Loaded shared library /usr/lib/jvm/java-17-openjdk-amd64/lib/libnio.so
Event: 0.123 Loaded shared library /usr/lib/jvm/java-17-openjdk-amd64/lib/libzip.so
Event: 0.197 Loaded shared library /usr/lib/jvm/java-17-openjdk-amd64/lib/libnet.so
Event: 0.207 Loaded shared library /usr/lib/jvm/java-17-openjdk-amd64/lib/libextnet.so
Event: 0.257 Loaded shared library /usr/lib/jvm/java-17-openjdk-amd64/lib/libjimage.so
Event: 1.277 Loaded shared library /usr/lib/jvm/java-17-openjdk-amd64/lib/libverify.so
Event: 4.238 Loaded shared library /usr/lib/jvm/java-17-openjdk-amd64/lib/libmanagement.so
Event: 4.239 Loaded shared library /usr/lib/jvm/java-17-openjdk-amd64/lib/libmanagement_ext.so

Deoptimization events (20 events):
Event: 7.421 Thread 0x00007f1888017760 DEOPT PACKING pc=0x00007f1878daab84 sp=0x00007f188ffd4870
Event: 7.421 Thread 0x00007f1888017760 DEOPT UNPACKING pc=0x00007f18786cb699 sp=0x00007f188ffd47f8 mode 2
Event: 7.422 Thread 0x00007f1888017760 Uncommon trap: trap_request=0xffffffde fr.pc=0x00007f1878daab84 relative=0x00000000000002c4
Event: 7.422 Thread 0x00007f1888017760 Uncommon trap: reason=class_check action=maybe_recompile pc=0x00007f1878daab84 method=java.util.concurrent.ConcurrentHashMap.get(Ljava/lang/Object;)Ljava/lang/Object; @ 93 c2
Event: 7.422 Thread 0x00007f1888017760 DEOPT PACKING pc=0x00007f1878daab84 sp=0x00007f188ffd4870
Event: 7.422 Thread 0x00007f1888017760 DEOPT UNPACKING pc=0x00007f18786cb699 sp=0x00007f188ffd47f8 mode 2
Event: 7.450 Thread 0x00007f1888017760 Uncommon trap: trap_request=0xfffffff4 fr.pc=0x00007f1878d137a8 relative=0x0000000000000268
Event: 7.450 Thread 0x00007f1888017760 Uncommon trap: reason=null_check action=make_not_entrant pc=0x00007f1878d137a8 method=org.springframework.util.ClassUtils.isAssignable(Ljava/lang/Class;Ljava/lang/Class;)Z @ 14 c2
Event: 7.450 Thread 0x00007f1888017760 DEOPT PACKING pc=0x00007f1878d137a8 sp=0x00007f188ffd4bb0
Event: 7.450 Thread 0x00007f1888017760 DEOPT UNPACKING pc=0x00007f18786cb699 sp=0x00007f188ffd4b60 mode 2
Event: 7.593 Thread 0x00007f1888017760 DEOPT PACKING pc=0x00007f18714645f2 sp=0x00007f188ffd4c40
Event: 7.593 Thread 0x00007f1888017760 DEOPT UNPACKING pc=0x00007f18786cbe2f sp=0x00007f188ffd40f0 mode 3
Event: 7.596 Thread 0x00007f1889b89400 DEOPT PACKING pc=0x00007f1871aa4ba2 sp=0x00007f184c4f92c0
Event: 7.596 Thread 0x00007f1889b89400 DEOPT UNPACKING pc=0x00007f18786cbe2f sp=0x00007f184c4f87f0 mode 0
Event: 17.560 Thread 0x00007f1889d71010 DEOPT PACKING pc=0x00007f187186f33e sp=0x00007f184c1f6200
Event: 17.560 Thread 0x00007f1889d71010 DEOPT UNPACKING pc=0x00007f18786cbe2f sp=0x00007f184c1f56e8 mode 0
Event: 17.585 Thread 0x00007f1889d72180 Uncommon trap: trap_request=0xffffff45 fr.pc=0x00007f1878c7f870 relative=0x00000000000001d0
Event: 17.585 Thread 0x00007f1889d72180 Uncommon trap: reason=unstable_if action=reinterpret pc=0x00007f1878c7f870 method=java.lang.String.indexOf(Ljava/lang/String;)I @ 10 c2
Event: 17.585 Thread 0x00007f1889d72180 DEOPT PACKING pc=0x00007f1878c7f870 sp=0x00007f18097fd6a0
Event: 17.585 Thread 0x00007f1889d72180 DEOPT UNPACKING pc=0x00007f18786cb699 sp=0x00007f18097fd650 mode 2

Classes unloaded (0 events):
No events

Classes redefined (0 events):
No events

Internal exceptions (20 events):
Event: 6.117 Thread 0x00007f1888017760 Exception <a 'java/lang/NoSuchMethodError'{0x0000000088bec820}: 'java.lang.Object java.lang.invoke.DirectMethodHandle$Holder.invokeSpecial(java.lang.Object, java.lang.Object, java.lang.Object, java.lang.Object, java.lang.Object, java.lang.Object, java.lang.Object, java.lang.Object, int)'> (0x0000000088bec820) 
thrown [src/hotspot/share/interpreter/linkResolver.cpp, line 758]
Event: 6.147 Thread 0x00007f1888017760 Exception <a 'java/lang/NoSuchMethodError'{0x0000000088944588}: 'void java.lang.invoke.DirectMethodHandle$Holder.invokeInterface(java.lang.Object, java.lang.Object)'> (0x0000000088944588) 
thrown [src/hotspot/share/interpreter/linkResolver.cpp, line 758]
Event: 6.319 Thread 0x00007f1888017760 Exception <a 'java/lang/IncompatibleClassChangeError'{0x0000000088214da8}: Found class java.lang.Object, but interface was expected> (0x0000000088214da8) 
thrown [src/hotspot/share/interpreter/linkResolver.cpp, line 826]
Event: 6.337 Thread 0x00007f1888017760 Exception <a 'java/lang/IncompatibleClassChangeError'{0x000000008810e268}: Found class java.lang.Object, but interface was expected> (0x000000008810e268) 
thrown [src/hotspot/share/interpreter/linkResolver.cpp, line 826]
Event: 6.347 Thread 0x00007f1888017760 Exception <a 'java/lang/IncompatibleClassChangeError'{0x0000000088183988}: Found class java.lang.Object, but interface was expected> (0x0000000088183988) 
thrown [src/hotspot/share/interpreter/linkResolver.cpp, line 826]
Event: 6.572 Thread 0x00007f1888017760 Exception <a 'java/lang/IncompatibleClassChangeError'{0x000000008a833508}: Found class java.lang.Object, but interface was expected> (0x000000008a833508) 
thrown [src/hotspot/share/interpreter/linkResolver.cpp, line 826]
Event: 6.651 Thread 0x00007f1888017760 Exception <a 'java/lang/reflect/InvocationTargetException'{0x0000000088e06958}> (0x0000000088e06958) 
thrown [src/hotspot/share/runtime/reflection.cpp, line 1119]
Event: 6.657 Thread 0x00007f1888017760 Exception <a 'java/lang/NoSuchMethodError'{0x0000000088e57468}: 'int java.lang.invoke.DirectMethodHandle$Holder.invokeStatic(java.lang.Object, java.lang.Object, int)'> (0x0000000088e57468) 
thrown [src/hotspot/share/interpreter/linkResolver.cpp, line 758]
Event: 6.659 Thread 0x00007f1888017760 Exception <a 'java/lang/NoSuchMethodError'{0x0000000088e744a0}: 'java.lang.Object java.lang.invoke.DirectMethodHandle$Holder.newInvokeSpecial(java.lang.Object, java.lang.Object, int)'> (0x0000000088e744a0) 
thrown [src/hotspot/share/interpreter/linkResolver.cpp, line 758]
Event: 6.663 Thread 0x00007f1888017760 Exception <a 'java/lang/IncompatibleClassChangeError'{0x0000000088ea2ed8}: Found class java.lang.Object, but interface was expected> (0x0000000088ea2ed8) 
thrown [src/hotspot/share/interpreter/linkResolver.cpp, line 826]
Event: 6.731 Thread 0x00007f1888017760 Exception <a 'java/lang/NoSuchMethodError'{0x0000000088a0cde8}: 'long java.lang.invoke.DirectMethodHandle$Holder.invokeVirtual(java.lang.Object, java.lang.Object)'> (0x0000000088a0cde8) 
thrown [src/hotspot/share/interpreter/linkResolver.cpp, line 758]
Event: 6.886 Thread 0x00007f1888017760 Implicit null exception at 0x00007f1878cf103d to 0x00007f1878cf10f6
Event: 7.109 Thread 0x00007f1888017760 Exception <a 'java/lang/IncompatibleClassChangeError'{0x0000000087d17998}: Found class java.lang.Object, but interface was expected> (0x0000000087d17998) 
thrown [src/hotspot/share/interpreter/linkResolver.cpp, line 826]
Event: 7.450 Thread 0x00007f1888017760 Implicit null exception at 0x00007f1878d1355a to 0x00007f1878d13794
Event: 7.574 Thread 0x00007f1888017760 Exception <a 'java/lang/NoSuchMethodError'{0x0000000088204b68}: 'java.lang.Object java.lang.invoke.DirectMethodHandle$Holder.newInvokeSpecial(java.lang.Object, java.lang.Object, int, java.lang.Object, java.lang.Object)'> (0x0000000088204b68) 
thrown [src/hotspot/share/interpreter/linkResolver.cpp, line 758]
Event: 7.575 Thread 0x00007f1888017760 Exception <a 'java/lang/NoSuchMethodError'{0x00000000882101e0}: 'java.lang.Object java.lang.invoke.DirectMethodHandle$Holder.invokeSpecial(java.lang.Object, java.lang.Object, int, java.lang.Object, int, java.lang.Object)'> (0x00000000882101e0) 
thrown [src/hotspot/share/interpreter/linkResolver.cpp, line 758]
Event: 7.576 Thread 0x00007f1888017760 Exception <a 'java/lang/NoSuchMethodError'{0x0000000088217fe8}: 'java.lang.Object java.lang.invoke.DirectMethodHandle$Holder.newInvokeSpecial(java.lang.Object, java.lang.Object, int, java.lang.Object, int)'> (0x0000000088217fe8) 
thrown [src/hotspot/share/interpreter/linkResolver.cpp, line 758]
Event: 7.576 Thread 0x00007f1888017760 Exception <a 'java/lang/NoSuchMethodError'{0x000000008821c0e8}: 'java.lang.Object java.lang.invoke.DirectMethodHandle$Holder.invokeSpecial(java.lang.Object, java.lang.Object, java.lang.Object, int, java.lang.Object, int)'> (0x000000008821c0e8) 
thrown [src/hotspot/share/interpreter/linkResolver.cpp, line 758]
Event: 17.541 Thread 0x00007f1889d71010 Exception <a 'java/lang/NoSuchMethodError'{0x000000008d566a20}: 'java.lang.Object java.lang.invoke.DirectMethodHandle$Holder.invokeSpecial(java.lang.Object, java.lang.Object, java.lang.Object, java.lang.Object, java.lang.Object, long)'> (0x000000008d566a20) 
thrown [src/hotspot/share/interpreter/linkResolver.cpp, line 758]
Event: 17.541 Thread 0x00007f1889d71010 Exception <a 'java/lang/NoSuchMethodError'{0x000000008d56a460}: 'java.lang.Object java.lang.invoke.Invokers$Holder.linkToTargetMethod(java.lang.Object, java.lang.Object, java.lang.Object, long, java.lang.Object)'> (0x000000008d56a460) 
thrown [src/hotspot/share/interpreter/linkResolver.cpp, line 758]

VM Operations (20 events):
Event: 7.135 Executing VM operation: G1CollectForAllocation
Event: 7.141 Executing VM operation: G1CollectForAllocation done
Event: 7.157 Executing VM operation: HandshakeAllThreads
Event: 7.157 Executing VM operation: HandshakeAllThreads done
Event: 7.593 Executing VM operation: HandshakeAllThreads
Event: 7.593 Executing VM operation: HandshakeAllThreads done
Event: 8.593 Executing VM operation: Cleanup
Event: 8.594 Executing VM operation: Cleanup done
Event: 17.530 Executing VM operation: G1CollectForAllocation
Event: 17.535 Executing VM operation: G1CollectForAllocation done
Event: 17.548 Executing VM operation: HandshakeAllThreads
Event: 17.548 Executing VM operation: HandshakeAllThreads done
Event: 17.551 Executing VM operation: HandshakeAllThreads
Event: 17.551 Executing VM operation: HandshakeAllThreads done
Event: 17.613 Executing VM operation: HandshakeAllThreads
Event: 17.613 Executing VM operation: HandshakeAllThreads done
Event: 17.633 Executing VM operation: HandshakeAllThreads
Event: 17.633 Executing VM operation: HandshakeAllThreads done
Event: 17.633 Executing VM operation: HandshakeAllThreads
Event: 17.633 Executing VM operation: HandshakeAllThreads done

Events (20 events):
Event: 17.511 loading class java/nio/channels/SelectionKey
Event: 17.511 loading class java/nio/channels/SelectionKey done
Event: 17.511 loading class java/nio/channels/spi/AbstractSelectionKey done
Event: 17.511 loading class sun/nio/ch/SelectionKeyImpl done
Event: 17.511 loading class java/lang/invoke/ConstantBootstraps
Event: 17.512 loading class java/lang/invoke/ConstantBootstraps done
Event: 17.544 loading class sun/nio/cs/ISO_8859_1$Decoder
Event: 17.544 loading class sun/nio/cs/ISO_8859_1$Decoder done
Event: 17.573 loading class java/time/format/DateTimeFormatterBuilder$ZoneTextPrinterParser
Event: 17.573 loading class java/time/format/DateTimeFormatterBuilder$ZoneTextPrinterParser done
Event: 17.573 loading class java/time/format/DateTimeFormatterBuilder$ReducedPrinterParser
Event: 17.574 loading class java/time/format/DateTimeFormatterBuilder$ReducedPrinterParser done
Event: 17.620 loading class java/util/OptionalLong
Event: 17.621 loading class java/util/OptionalLong done
Event: 17.621 loading class java/util/OptionalDouble
Event: 17.621 loading class java/util/OptionalDouble done
Event: 17.624 loading class org/w3c/dom/Node
Event: 17.624 loading class org/w3c/dom/Node done
Event: 17.624 loading class org/w3c/dom/Document
Event: 17.624 loading class org/w3c/dom/Document done


Dynamic libraries:
85a00000-89100000 rw-p 00000000 00:00 0 
89100000-8a400000 ---p 00000000 00:00 0 
8a400000-8ab00000 rw-p 00000000 00:00 0 
8ab00000-8d500000 ---p 00000000 00:00 0 
8d500000-8d600000 rw-p 00000000 00:00 0 
8d600000-ffe00000 ---p 00000000 00:00 0 
ffe00000-ffe77000 rw-p 00c9f000 fd:00 9704862                            /usr/lib/jvm/java-17-openjdk-amd64/lib/server/classes.jsa
ffe77000-fff00000 rw-p 00000000 00:00 0 
fff00000-fff83000 rw-p 00c1c000 fd:00 9704862                            /usr/lib/jvm/java-17-openjdk-amd64/lib/server/classes.jsa
fff83000-100000000 rw-p 00000000 00:00 0 
800000000-800459000 rw-p 00001000 fd:00 9704862                          /usr/lib/jvm/java-17-openjdk-amd64/lib/server/classes.jsa
800459000-800be3000 r--p 0045a000 fd:00 9704862                          /usr/lib/jvm/java-17-openjdk-amd64/lib/server/classes.jsa
800be3000-800c00000 ---p 00000000 00:00 0 
800c00000-800c40000 rw-p 00000000 00:00 0 
800c40000-800cc0000 rw-p 00000000 00:00 0 
800cc0000-800d00000 rw-p 00000000 00:00 0 
800d00000-800f40000 rw-p 00000000 00:00 0 
800f40000-800f80000 rw-p 00000000 00:00 0 
800f80000-801350000 rw-p 00000000 00:00 0 
801350000-801380000 ---p 00000000 00:00 0 
801380000-801430000 rw-p 00000000 00:00 0 
801430000-840c00000 ---p 00000000 00:00 0 
5607e17ba000-5607e17bb000 r--p 00000000 fd:00 9578970                    /usr/lib/jvm/java-17-openjdk-amd64/bin/java
5607e17bb000-5607e17bc000 r-xp 00001000 fd:00 9578970                    /usr/lib/jvm/java-17-openjdk-amd64/bin/java
5607e17bc000-5607e17bd000 r--p 00002000 fd:00 9578970                    /usr/lib/jvm/java-17-openjdk-amd64/bin/java
5607e17bd000-5607e17be000 r--p 00002000 fd:00 9578970                    /usr/lib/jvm/java-17-openjdk-amd64/bin/java
5607e17be000-5607e17bf000 rw-p 00003000 fd:00 9578970                    /usr/lib/jvm/java-17-openjdk-amd64/bin/java
5607e36bb000-5607e3703000 rw-p 00000000 00:00 0                          [heap]
7f17e8000000-7f17e8089000 rw-p 00000000 00:00 0 
7f17e8089000-7f17ec000000 ---p 00000000 00:00 0 
7f17f0000000-7f17f0021000 rw-p 00000000 00:00 0 
7f17f0021000-7f17f4000000 ---p 00000000 00:00 0 
7f17f4000000-7f17f4107000 rw-p 00000000 00:00 0 
7f17f4107000-7f17f8000000 ---p 00000000 00:00 0 
7f17f8000000-7f17f8021000 rw-p 00000000 00:00 0 
7f17f8021000-7f17fc000000 ---p 00000000 00:00 0 
7f17fc000000-7f17fc021000 rw-p 00000000 00:00 0 
7f17fc021000-7f1800000000 ---p 00000000 00:00 0 
7f1800000000-7f1800021000 rw-p 00000000 00:00 0 
7f1800021000-7f1804000000 ---p 00000000 00:00 0 
7f1804000000-7f1804021000 rw-p 00000000 00:00 0 
7f1804021000-7f1808000000 ---p 00000000 00:00 0 
7f1808cf5000-7f1808cf9000 ---p 00000000 00:00 0 
7f1808cf9000-7f1808df6000 rw-p 00000000 00:00 0 
7f1808df6000-7f1808dfa000 ---p 00000000 00:00 0 
7f1808dfa000-7f1808ef7000 rw-p 00000000 00:00 0 
7f1808ef7000-7f1808efb000 ---p 00000000 00:00 0 
7f1808efb000-7f1808ff8000 rw-p 00000000 00:00 0 
7f1808ff8000-7f1808ffc000 ---p 00000000 00:00 0 
7f1808ffc000-7f18090f9000 rw-p 00000000 00:00 0 
7f18090f9000-7f18090fd000 ---p 00000000 00:00 0 
7f18090fd000-7f18091fa000 rw-p 00000000 00:00 0 
7f18091fa000-7f18091fe000 ---p 00000000 00:00 0 
7f18091fe000-7f18092fb000 rw-p 00000000 00:00 0 
7f18092fb000-7f18092ff000 ---p 00000000 00:00 0 
7f18092ff000-7f18093fc000 rw-p 00000000 00:00 0 
7f18093fc000-7f1809400000 ---p 00000000 00:00 0 
7f1809400000-7f18094fd000 rw-p 00000000 00:00 0 
7f18094fd000-7f1809501000 ---p 00000000 00:00 0 
7f1809501000-7f18095fe000 rw-p 00000000 00:00 0 
7f18095fe000-7f1809602000 ---p 00000000 00:00 0 
7f1809602000-7f18096ff000 rw-p 00000000 00:00 0 
7f18096ff000-7f1809703000 ---p 00000000 00:00 0 
7f1809703000-7f18099a0000 rw-p 00000000 00:00 0 
7f18099a0000-7f180a000000 ---p 00000000 00:00 0 
7f180a000000-7f180a100000 rw-p 00000000 00:00 0 
7f180a100000-7f180a1c0000 rw-p 00000000 00:00 0 
7f180a1c0000-7f180a200000 ---p 00000000 00:00 0 
7f180a200000-7f180a800000 rw-p 00000000 00:00 0 
7f180a800000-7f180aa00000 rw-p 00000000 00:00 0 
7f180aa00000-7f180b000000 rw-p 00000000 00:00 0 
7f180b000000-7f180b800000 rw-p 00000000 00:00 0 
7f180b800000-7f180bb00000 rw-p 00000000 00:00 0 
7f180bb00000-7f180bc00000 rw-p 00000000 00:00 0 
7f180bc00000-7f180bf00000 rw-p 00000000 00:00 0 
7f180bf00000-7f180c000000 rw-p 00000000 00:00 0 
7f180c000000-7f180c02d000 rw-p 00000000 00:00 0 
7f180c02d000-7f1810000000 ---p 00000000 00:00 0 
7f1810000000-7f18101d0000 rw-p 00000000 00:00 0 
7f18101d0000-7f1814000000 ---p 00000000 00:00 0 
7f1814000000-7f181406d000 rw-p 00000000 00:00 0 
7f181406d000-7f1818000000 ---p 00000000 00:00 0 
7f1818000000-7f1818021000 rw-p 00000000 00:00 0 
7f1818021000-7f181c000000 ---p 00000000 00:00 0 
7f181c000000-7f181c021000 rw-p 00000000 00:00 0 
7f181c021000-7f1820000000 ---p 00000000 00:00 0 
7f1820000000-7f1820021000 rw-p 00000000 00:00 0 
7f1820021000-7f1824000000 ---p 00000000 00:00 0 
7f1824000000-7f1825712000 rw-p 00000000 00:00 0 
7f1825712000-7f1828000000 ---p 00000000 00:00 0 
7f1828000000-7f1828021000 rw-p 00000000 00:00 0 
7f1828021000-7f182c000000 ---p 00000000 00:00 0 
7f182c000000-7f182c021000 rw-p 00000000 00:00 0 
7f182c021000-7f1830000000 ---p 00000000 00:00 0 
7f1830000000-7f1830021000 rw-p 00000000 00:00 0 
7f1830021000-7f1834000000 ---p 00000000 00:00 0 
7f1834000000-7f1835ccb000 rw-p 00000000 00:00 0 
7f1835ccb000-7f1838000000 ---p 00000000 00:00 0 
7f1838000000-7f183897f000 rw-p 00000000 00:00 0 
7f183897f000-7f183c000000 ---p 00000000 00:00 0 
7f183c000000-7f183c021000 rw-p 00000000 00:00 0 
7f183c021000-7f1840000000 ---p 00000000 00:00 0 
7f1840000000-7f1840021000 rw-p 00000000 00:00 0 
7f1840021000-7f1844000000 ---p 00000000 00:00 0 
7f1844000000-7f1844021000 rw-p 00000000 00:00 0 
7f1844021000-7f1848000000 ---p 00000000 00:00 0 
7f1848000000-7f1848021000 rw-p 00000000 00:00 0 
7f1848021000-7f184c000000 ---p 00000000 00:00 0 
7f184c0f8000-7f184c0fc000 ---p 00000000 00:00 0 
7f184c0fc000-7f184c1f9000 rw-p 00000000 00:00 0 
7f184c1f9000-7f184c1fd000 ---p 00000000 00:00 0 
7f184c1fd000-7f184c2fa000 rw-p 00000000 00:00 0 
7f184c2fa000-7f184c2fe000 ---p 00000000 00:00 0 
7f184c2fe000-7f184c3fb000 rw-p 00000000 00:00 0 
7f184c3fb000-7f184c3ff000 ---p 00000000 00:00 0 
7f184c3ff000-7f184c4fc000 rw-p 00000000 00:00 0 
7f184c4fc000-7f184c500000 ---p 00000000 00:00 0 
7f184c500000-7f184c5fd000 rw-p 00000000 00:00 0 
7f184c5fd000-7f184c5fe000 ---p 00000000 00:00 0 
7f184c5fe000-7f184c6ff000 rw-p 00000000 00:00 0 
7f184c6ff000-7f184c703000 ---p 00000000 00:00 0 
7f184c703000-7f184cd80000 rw-p 00000000 00:00 0 
7f184cd80000-7f184ce00000 rw-p 00000000 00:00 0 
7f184ce00000-7f184d000000 rw-p 00000000 00:00 0 
7f184d087000-7f184d08b000 ---p 00000000 00:00 0 
7f184d08b000-7f184d188000 rw-p 00000000 00:00 0 
7f184d188000-7f184d189000 ---p 00000000 00:00 0 
7f184d189000-7f184d28a000 rw-p 00000000 00:00 0 
7f184d28a000-7f184d28b000 ---p 00000000 00:00 0 
7f184d28b000-7f184d38c000 rw-p 00000000 00:00 0 
7f184d38c000-7f184d38d000 ---p 00000000 00:00 0 
7f184d38d000-7f184d48e000 rw-p 00000000 00:00 0 
7f184d48e000-7f184d492000 ---p 00000000 00:00 0 
7f184d492000-7f184d58f000 rw-p 00000000 00:00 0 
7f184d58f000-7f1850000000 r--p 00000000 fd:00 9568793                    /usr/lib/locale/locale-archive
7f1850000000-7f1850021000 rw-p 00000000 00:00 0 
7f1850021000-7f1854000000 ---p 00000000 00:00 0 
7f1854000000-7f1854021000 rw-p 00000000 00:00 0 
7f1854021000-7f1858000000 ---p 00000000 00:00 0 
7f1858000000-7f1858021000 rw-p 00000000 00:00 0 
7f1858021000-7f185c000000 ---p 00000000 00:00 0 
7f185c000000-7f185c021000 rw-p 00000000 00:00 0 
7f185c021000-7f1860000000 ---p 00000000 00:00 0 
7f1860000000-7f1860021000 rw-p 00000000 00:00 0 
7f1860021000-7f1864000000 ---p 00000000 00:00 0 
7f1864000000-7f1864021000 rw-p 00000000 00:00 0 
7f1864021000-7f1868000000 ---p 00000000 00:00 0 
7f1868000000-7f1868021000 rw-p 00000000 00:00 0 
7f1868021000-7f186c000000 ---p 00000000 00:00 0 
7f186c0f9000-7f186c0fd000 ---p 00000000 00:00 0 
7f186c0fd000-7f186c1fa000 rw-p 00000000 00:00 0 
7f186c1fa000-7f186c1fe000 ---p 00000000 00:00 0 
7f186c1fe000-7f186c2fb000 rw-p 00000000 00:00 0 
7f186c2fb000-7f186c2ff000 ---p 00000000 00:00 0 
7f186c2ff000-7f186c3fc000 rw-p 00000000 00:00 0 
7f186c3fc000-7f186c400000 ---p 00000000 00:00 0 
7f186c400000-7f186c4fd000 rw-p 00000000 00:00 0 
7f186c4fd000-7f186c501000 ---p 00000000 00:00 0 
7f186c501000-7f186c5fe000 rw-p 00000000 00:00 0 
7f186c5fe000-7f186c602000 ---p 00000000 00:00 0 
7f186c602000-7f186c6ff000 rw-p 00000000 00:00 0 
7f186c6ff000-7f186c703000 ---p 00000000 00:00 0 
7f186c703000-7f186cc00000 rw-p 00000000 00:00 0 
7f186cc00000-7f186d000000 rw-p 00000000 00:00 0 
7f186d08c000-7f186d093000 r--s 00000000 fd:00 10098994                   /usr/lib/x86_64-linux-gnu/gconv/gconv-modules.cache
7f186d093000-7f186d097000 r--p 00000000 fd:00 9704859                    /usr/lib/jvm/java-17-openjdk-amd64/lib/libverify.so
7f186d097000-7f186d09e000 r-xp 00004000 fd:00 9704859                    /usr/lib/jvm/java-17-openjdk-amd64/lib/libverify.so
7f186d09e000-7f186d0a0000 r--p 0000b000 fd:00 9704859                    /usr/lib/jvm/java-17-openjdk-amd64/lib/libverify.so
7f186d0a0000-7f186d0a1000 ---p 0000d000 fd:00 9704859                    /usr/lib/jvm/java-17-openjdk-amd64/lib/libverify.so
7f186d0a1000-7f186d0a3000 r--p 0000d000 fd:00 9704859                    /usr/lib/jvm/java-17-openjdk-amd64/lib/libverify.so
7f186d0a3000-7f186d0a4000 rw-p 0000f000 fd:00 9704859                    /usr/lib/jvm/java-17-openjdk-amd64/lib/libverify.so
7f186d0a4000-7f186d0a8000 ---p 00000000 00:00 0 
7f186d0a8000-7f186d1a5000 rw-p 00000000 00:00 0 
7f186d1a5000-7f186d1a9000 ---p 00000000 00:00 0 
7f186d1a9000-7f186f382000 rw-p 00000000 00:00 0 
7f186f382000-7f186f3ce000 ---p 00000000 00:00 0 
7f186f3ce000-7f186f3ea000 rw-p 00000000 00:00 0 
7f186f3ea000-7f186f492000 ---p 00000000 00:00 0 
7f186f492000-7f186f496000 rw-p 00000000 00:00 0 
7f186f496000-7f1871136000 ---p 00000000 00:00 0 
7f1871136000-7f187113e000 rw-p 00000000 00:00 0 
7f187113e000-7f1871b2e000 rwxp 00000000 00:00 0 
7f1871b2e000-7f1878675000 ---p 00000000 00:00 0 
7f1878675000-7f18788e5000 rwxp 00000000 00:00 0 
7f18788e5000-7f1878c06000 ---p 00000000 00:00 0 
7f1878c06000-7f1878ed6000 rwxp 00000000 00:00 0 
7f1878ed6000-7f188013e000 ---p 00000000 00:00 0 
7f188013e000-7f1888000000 r--s 00000000 fd:00 9704861                    /usr/lib/jvm/java-17-openjdk-amd64/lib/modules
7f1888000000-7f1889d8a000 rw-p 00000000 00:00 0 
7f1889d8a000-7f188c000000 ---p 00000000 00:00 0 
7f188c000000-7f188c002000 r--p 00000000 fd:00 9704850                    /usr/lib/jvm/java-17-openjdk-amd64/lib/libmanagement_ext.so
7f188c002000-7f188c005000 r-xp 00002000 fd:00 9704850                    /usr/lib/jvm/java-17-openjdk-amd64/lib/libmanagement_ext.so
7f188c005000-7f188c007000 r--p 00005000 fd:00 9704850                    /usr/lib/jvm/java-17-openjdk-amd64/lib/libmanagement_ext.so
7f188c007000-7f188c008000 r--p 00006000 fd:00 9704850                    /usr/lib/jvm/java-17-openjdk-amd64/lib/libmanagement_ext.so
7f188c008000-7f188c009000 rw-p 00007000 fd:00 9704850                    /usr/lib/jvm/java-17-openjdk-amd64/lib/libmanagement_ext.so
7f188c009000-7f188c00d000 r--p 00000000 fd:00 9704852                    /usr/lib/jvm/java-17-openjdk-amd64/lib/libnet.so
7f188c00d000-7f188c01b000 r-xp 00004000 fd:00 9704852                    /usr/lib/jvm/java-17-openjdk-amd64/lib/libnet.so
7f188c01b000-7f188c01f000 r--p 00012000 fd:00 9704852                    /usr/lib/jvm/java-17-openjdk-amd64/lib/libnet.so
7f188c01f000-7f188c020000 r--p 00015000 fd:00 9704852                    /usr/lib/jvm/java-17-openjdk-amd64/lib/libnet.so
7f188c020000-7f188c021000 rw-p 00016000 fd:00 9704852                    /usr/lib/jvm/java-17-openjdk-amd64/lib/libnet.so
7f188c021000-7f188c027000 r--p 00000000 fd:00 9704853                    /usr/lib/jvm/java-17-openjdk-amd64/lib/libnio.so
7f188c027000-7f188c030000 r-xp 00006000 fd:00 9704853                    /usr/lib/jvm/java-17-openjdk-amd64/lib/libnio.so
7f188c030000-7f188c034000 r--p 0000f000 fd:00 9704853                    /usr/lib/jvm/java-17-openjdk-amd64/lib/libnio.so
7f188c034000-7f188c035000 ---p 00013000 fd:00 9704853                    /usr/lib/jvm/java-17-openjdk-amd64/lib/libnio.so
7f188c035000-7f188c036000 r--p 00013000 fd:00 9704853                    /usr/lib/jvm/java-17-openjdk-amd64/lib/libnio.so
7f188c036000-7f188c037000 rw-p 00014000 fd:00 9704853                    /usr/lib/jvm/java-17-openjdk-amd64/lib/libnio.so
7f188c037000-7f188c039000 r--p 00000000 fd:00 9704860                    /usr/lib/jvm/java-17-openjdk-amd64/lib/libzip.so
7f188c039000-7f188c03e000 r-xp 00002000 fd:00 9704860                    /usr/lib/jvm/java-17-openjdk-amd64/lib/libzip.so
7f188c03e000-7f188c040000 r--p 00007000 fd:00 9704860                    /usr/lib/jvm/java-17-openjdk-amd64/lib/libzip.so
7f188c040000-7f188c041000 r--p 00008000 fd:00 9704860                    /usr/lib/jvm/java-17-openjdk-amd64/lib/libzip.so
7f188c041000-7f188c042000 rw-p 00009000 fd:00 9704860                    /usr/lib/jvm/java-17-openjdk-amd64/lib/libzip.so
7f188c042000-7f188c046000 ---p 00000000 00:00 0 
7f188c046000-7f188c143000 rw-p 00000000 00:00 0 
7f188c143000-7f188c147000 ---p 00000000 00:00 0 
7f188c147000-7f188c244000 rw-p 00000000 00:00 0 
7f188c244000-7f188c245000 ---p 00000000 00:00 0 
7f188c245000-7f188c346000 rw-p 00000000 00:00 0 
7f188c346000-7f188c34b000 r--p 00000000 fd:00 9704846                    /usr/lib/jvm/java-17-openjdk-amd64/lib/libjsvml.so
7f188c34b000-7f188c38c000 r-xp 00005000 fd:00 9704846                    /usr/lib/jvm/java-17-openjdk-amd64/lib/libjsvml.so
7f188c38c000-7f188c415000 r--p 00046000 fd:00 9704846                    /usr/lib/jvm/java-17-openjdk-amd64/lib/libjsvml.so
7f188c415000-7f188c416000 r--p 000ce000 fd:00 9704846                    /usr/lib/jvm/java-17-openjdk-amd64/lib/libjsvml.so
7f188c416000-7f188c417000 rw-p 000cf000 fd:00 9704846                    /usr/lib/jvm/java-17-openjdk-amd64/lib/libjsvml.so
7f188c417000-7f188c534000 rw-p 00000000 00:00 0 
7f188c534000-7f188c535000 ---p 00000000 00:00 0 
7f188c535000-7f188c636000 rw-p 00000000 00:00 0 
7f188c636000-7f188c637000 ---p 00000000 00:00 0 
7f188c637000-7f188cb3c000 rw-p 00000000 00:00 0 
7f188cb3c000-7f188cb3d000 ---p 00000000 00:00 0 
7f188cb3d000-7f188cc3e000 rw-p 00000000 00:00 0 
7f188cc3e000-7f188cc3f000 ---p 00000000 00:00 0 
7f188cc3f000-7f188cd40000 rw-p 00000000 00:00 0 
7f188cd40000-7f188cd41000 ---p 00000000 00:00 0 
7f188cd41000-7f188cf60000 rw-p 00000000 00:00 0 
7f188cf60000-7f188cfac000 ---p 00000000 00:00 0 
7f188cfac000-7f188cfc8000 rw-p 00000000 00:00 0 
7f188cfc8000-7f188d070000 ---p 00000000 00:00 0 
7f188d070000-7f188d074000 rw-p 00000000 00:00 0 
7f188d074000-7f188ed14000 ---p 00000000 00:00 0 
7f188ed14000-7f188ed38000 rw-p 00000000 00:00 0 
7f188ed38000-7f188ed41000 ---p 00000000 00:00 0 
7f188ed41000-7f188ed45000 rw-p 00000000 00:00 0 
7f188ed45000-7f188ed59000 ---p 00000000 00:00 0 
7f188ed59000-7f188ed5a000 rw-p 00000000 00:00 0 
7f188ed5a000-7f188f0ee000 ---p 00000000 00:00 0 
7f188f0ee000-7f188f10b000 rw-p 00000000 00:00 0 
7f188f10b000-7f188f114000 ---p 00000000 00:00 0 
7f188f114000-7f188f118000 rw-p 00000000 00:00 0 
7f188f118000-7f188f12c000 ---p 00000000 00:00 0 
7f188f12c000-7f188f12d000 rw-p 00000000 00:00 0 
7f188f12d000-7f188f4c1000 ---p 00000000 00:00 0 
7f188f4c1000-7f188f4de000 rw-p 00000000 00:00 0 
7f188f4de000-7f188f4e7000 ---p 00000000 00:00 0 
7f188f4e7000-7f188f4eb000 rw-p 00000000 00:00 0 
7f188f4eb000-7f188f4ff000 ---p 00000000 00:00 0 
7f188f4ff000-7f188f500000 rw-p 00000000 00:00 0 
7f188f500000-7f188f894000 ---p 00000000 00:00 0 
7f188f894000-7f188fc9f000 rw-p 00000000 00:00 0 
7f188fc9f000-7f188fd84000 ---p 00000000 00:00 0 
7f188fd84000-7f188fd98000 rw-p 00000000 00:00 0 
7f188fd98000-7f188fe6f000 ---p 00000000 00:00 0 
7f188fe6f000-7f188fe74000 rw-p 00000000 00:00 0 
7f188fe74000-7f188fe7b000 ---p 00000000 00:00 0 
7f188fe7b000-7f188fe7e000 r--p 00000000 fd:00 10094710                   /usr/lib/x86_64-linux-gnu/libnss_files-2.31.so
7f188fe7e000-7f188fe85000 r-xp 00003000 fd:00 10094710                   /usr/lib/x86_64-linux-gnu/libnss_files-2.31.so
7f188fe85000-7f188fe87000 r--p 0000a000 fd:00 10094710                   /usr/lib/x86_64-linux-gnu/libnss_files-2.31.so
7f188fe87000-7f188fe88000 r--p 0000b000 fd:00 10094710                   /usr/lib/x86_64-linux-gnu/libnss_files-2.31.so
7f188fe88000-7f188fe89000 rw-p 0000c000 fd:00 10094710                   /usr/lib/x86_64-linux-gnu/libnss_files-2.31.so
7f188fe89000-7f188fe8f000 rw-p 00000000 00:00 0 
7f188fe93000-7f188fe95000 r--p 00000000 fd:00 9704848                    /usr/lib/jvm/java-17-openjdk-amd64/lib/libmanagement.so
7f188fe95000-7f188fe96000 r-xp 00002000 fd:00 9704848                    /usr/lib/jvm/java-17-openjdk-amd64/lib/libmanagement.so
7f188fe96000-7f188fe97000 r--p 00003000 fd:00 9704848                    /usr/lib/jvm/java-17-openjdk-amd64/lib/libmanagement.so
7f188fe97000-7f188fe98000 r--p 00003000 fd:00 9704848                    /usr/lib/jvm/java-17-openjdk-amd64/lib/libmanagement.so
7f188fe98000-7f188fe99000 rw-p 00004000 fd:00 9704848                    /usr/lib/jvm/java-17-openjdk-amd64/lib/libmanagement.so
7f188fe99000-7f188fea1000 rw-s 00000000 fd:00 5666642                    /tmp/hsperfdata_homoakin619/29167
7f188fea1000-7f188fead000 r--p 00000000 fd:00 9704839                    /usr/lib/jvm/java-17-openjdk-amd64/lib/libjava.so
7f188fead000-7f188fec0000 r-xp 0000c000 fd:00 9704839                    /usr/lib/jvm/java-17-openjdk-amd64/lib/libjava.so
7f188fec0000-7f188fec6000 r--p 0001f000 fd:00 9704839                    /usr/lib/jvm/java-17-openjdk-amd64/lib/libjava.so
7f188fec6000-7f188fec7000 ---p 00025000 fd:00 9704839                    /usr/lib/jvm/java-17-openjdk-amd64/lib/libjava.so
7f188fec7000-7f188fec8000 r--p 00025000 fd:00 9704839                    /usr/lib/jvm/java-17-openjdk-amd64/lib/libjava.so
7f188fec8000-7f188fec9000 rw-p 00026000 fd:00 9704839                    /usr/lib/jvm/java-17-openjdk-amd64/lib/libjava.so
7f188fec9000-7f188feca000 rw-p 00000000 00:00 0 
7f188feca000-7f188fecb000 r--p 00000000 fd:00 9704834                    /usr/lib/jvm/java-17-openjdk-amd64/lib/libinstrument.so
7f188fecb000-7f188fed1000 r-xp 00001000 fd:00 9704834                    /usr/lib/jvm/java-17-openjdk-amd64/lib/libinstrument.so
7f188fed1000-7f188fed4000 r--p 00007000 fd:00 9704834                    /usr/lib/jvm/java-17-openjdk-amd64/lib/libinstrument.so
7f188fed4000-7f188fed5000 r--p 00009000 fd:00 9704834                    /usr/lib/jvm/java-17-openjdk-amd64/lib/libinstrument.so
7f188fed5000-7f188fed6000 rw-p 0000a000 fd:00 9704834                    /usr/lib/jvm/java-17-openjdk-amd64/lib/libinstrument.so
7f188fed6000-7f188feda000 ---p 00000000 00:00 0 
7f188feda000-7f188ffd7000 rw-p 00000000 00:00 0 
7f188ffd7000-7f188ffda000 r--p 00000000 fd:00 10094716                   /usr/lib/x86_64-linux-gnu/libgcc_s.so.1
7f188ffda000-7f188ffec000 r-xp 00003000 fd:00 10094716                   /usr/lib/x86_64-linux-gnu/libgcc_s.so.1
7f188ffec000-7f188fff0000 r--p 00015000 fd:00 10094716                   /usr/lib/x86_64-linux-gnu/libgcc_s.so.1
7f188fff0000-7f188fff1000 r--p 00018000 fd:00 10094716                   /usr/lib/x86_64-linux-gnu/libgcc_s.so.1
7f188fff1000-7f188fff2000 rw-p 00019000 fd:00 10094716                   /usr/lib/x86_64-linux-gnu/libgcc_s.so.1
7f188fff2000-7f188ffff000 r--p 00000000 fd:00 10094620                   /usr/lib/x86_64-linux-gnu/libm-2.31.so
7f188ffff000-7f18900a6000 r-xp 0000d000 fd:00 10094620                   /usr/lib/x86_64-linux-gnu/libm-2.31.so
7f18900a6000-7f189013f000 r--p 000b4000 fd:00 10094620                   /usr/lib/x86_64-linux-gnu/libm-2.31.so
7f189013f000-7f1890140000 r--p 0014c000 fd:00 10094620                   /usr/lib/x86_64-linux-gnu/libm-2.31.so
7f1890140000-7f1890141000 rw-p 0014d000 fd:00 10094620                   /usr/lib/x86_64-linux-gnu/libm-2.31.so
7f1890141000-7f18901d7000 r--p 00000000 fd:00 10095565                   /usr/lib/x86_64-linux-gnu/libstdc++.so.6.0.28
7f18901d7000-7f18902c8000 r-xp 00096000 fd:00 10095565                   /usr/lib/x86_64-linux-gnu/libstdc++.so.6.0.28
7f18902c8000-7f1890311000 r--p 00187000 fd:00 10095565                   /usr/lib/x86_64-linux-gnu/libstdc++.so.6.0.28
7f1890311000-7f1890312000 ---p 001d0000 fd:00 10095565                   /usr/lib/x86_64-linux-gnu/libstdc++.so.6.0.28
7f1890312000-7f189031d000 r--p 001d0000 fd:00 10095565                   /usr/lib/x86_64-linux-gnu/libstdc++.so.6.0.28
7f189031d000-7f1890320000 rw-p 001db000 fd:00 10095565                   /usr/lib/x86_64-linux-gnu/libstdc++.so.6.0.28
7f1890320000-7f1890323000 rw-p 00000000 00:00 0 
7f1890323000-7f1890573000 r--p 00000000 fd:00 9704865                    /usr/lib/jvm/java-17-openjdk-amd64/lib/server/libjvm.so
7f1890573000-7f1891304000 r-xp 00250000 fd:00 9704865                    /usr/lib/jvm/java-17-openjdk-amd64/lib/server/libjvm.so
7f1891304000-7f189158a000 r--p 00fe1000 fd:00 9704865                    /usr/lib/jvm/java-17-openjdk-amd64/lib/server/libjvm.so
7f189158a000-7f189158b000 ---p 01267000 fd:00 9704865                    /usr/lib/jvm/java-17-openjdk-amd64/lib/server/libjvm.so
7f189158b000-7f1891643000 r--p 01267000 fd:00 9704865                    /usr/lib/jvm/java-17-openjdk-amd64/lib/server/libjvm.so
7f1891643000-7f1891678000 rw-p 0131f000 fd:00 9704865                    /usr/lib/jvm/java-17-openjdk-amd64/lib/server/libjvm.so
7f1891678000-7f18916d3000 rw-p 00000000 00:00 0 
7f18916d3000-7f18916d9000 r--p 00000000 fd:00 10094765                   /usr/lib/x86_64-linux-gnu/libpthread-2.31.so
7f18916d9000-7f18916ea000 r-xp 00006000 fd:00 10094765                   /usr/lib/x86_64-linux-gnu/libpthread-2.31.so
7f18916ea000-7f18916f0000 r--p 00017000 fd:00 10094765                   /usr/lib/x86_64-linux-gnu/libpthread-2.31.so
7f18916f0000-7f18916f1000 r--p 0001c000 fd:00 10094765                   /usr/lib/x86_64-linux-gnu/libpthread-2.31.so
7f18916f1000-7f18916f2000 rw-p 0001d000 fd:00 10094765                   /usr/lib/x86_64-linux-gnu/libpthread-2.31.so
7f18916f2000-7f18916f6000 rw-p 00000000 00:00 0 
7f18916f6000-7f18916f7000 r--p 00000000 fd:00 10094479                   /usr/lib/x86_64-linux-gnu/libdl-2.31.so
7f18916f7000-7f18916f9000 r-xp 00001000 fd:00 10094479                   /usr/lib/x86_64-linux-gnu/libdl-2.31.so
7f18916f9000-7f18916fa000 r--p 00003000 fd:00 10094479                   /usr/lib/x86_64-linux-gnu/libdl-2.31.so
7f18916fa000-7f18916fb000 r--p 00003000 fd:00 10094479                   /usr/lib/x86_64-linux-gnu/libdl-2.31.so
7f18916fb000-7f18916fc000 rw-p 00004000 fd:00 10094479                   /usr/lib/x86_64-linux-gnu/libdl-2.31.so
7f18916fc000-7f18916fe000 r--p 00000000 fd:00 10096369                   /usr/lib/x86_64-linux-gnu/libz.so.1.2.11
7f18916fe000-7f189170f000 r-xp 00002000 fd:00 10096369                   /usr/lib/x86_64-linux-gnu/libz.so.1.2.11
7f189170f000-7f1891715000 r--p 00013000 fd:00 10096369                   /usr/lib/x86_64-linux-gnu/libz.so.1.2.11
7f1891715000-7f1891716000 ---p 00019000 fd:00 10096369                   /usr/lib/x86_64-linux-gnu/libz.so.1.2.11
7f1891716000-7f1891717000 r--p 00019000 fd:00 10096369                   /usr/lib/x86_64-linux-gnu/libz.so.1.2.11
7f1891717000-7f1891718000 rw-p 0001a000 fd:00 10096369                   /usr/lib/x86_64-linux-gnu/libz.so.1.2.11
7f1891718000-7f189173a000 r--p 00000000 fd:00 10094478                   /usr/lib/x86_64-linux-gnu/libc-2.31.so
7f189173a000-7f18918b2000 r-xp 00022000 fd:00 10094478                   /usr/lib/x86_64-linux-gnu/libc-2.31.so
7f18918b2000-7f1891900000 r--p 0019a000 fd:00 10094478                   /usr/lib/x86_64-linux-gnu/libc-2.31.so
7f1891900000-7f1891904000 r--p 001e7000 fd:00 10094478                   /usr/lib/x86_64-linux-gnu/libc-2.31.so
7f1891904000-7f1891906000 rw-p 001eb000 fd:00 10094478                   /usr/lib/x86_64-linux-gnu/libc-2.31.so
7f1891906000-7f189190a000 rw-p 00000000 00:00 0 
7f189190c000-7f189190d000 r--p 00000000 fd:00 9704832                    /usr/lib/jvm/java-17-openjdk-amd64/lib/libextnet.so
7f189190d000-7f189190e000 r-xp 00001000 fd:00 9704832                    /usr/lib/jvm/java-17-openjdk-amd64/lib/libextnet.so
7f189190e000-7f189190f000 r--p 00002000 fd:00 9704832                    /usr/lib/jvm/java-17-openjdk-amd64/lib/libextnet.so
7f189190f000-7f1891910000 r--p 00002000 fd:00 9704832                    /usr/lib/jvm/java-17-openjdk-amd64/lib/libextnet.so
7f1891910000-7f1891911000 rw-p 00003000 fd:00 9704832                    /usr/lib/jvm/java-17-openjdk-amd64/lib/libextnet.so
7f1891911000-7f1891912000 ---p 00000000 00:00 0 
7f1891912000-7f1891913000 r--p 00000000 00:00 0 
7f1891913000-7f1891915000 r--p 00000000 fd:00 9704842                    /usr/lib/jvm/java-17-openjdk-amd64/lib/libjimage.so
7f1891915000-7f1891918000 r-xp 00002000 fd:00 9704842                    /usr/lib/jvm/java-17-openjdk-amd64/lib/libjimage.so
7f1891918000-7f1891919000 r--p 00005000 fd:00 9704842                    /usr/lib/jvm/java-17-openjdk-amd64/lib/libjimage.so
7f1891919000-7f189191a000 ---p 00006000 fd:00 9704842                    /usr/lib/jvm/java-17-openjdk-amd64/lib/libjimage.so
7f189191a000-7f189191b000 r--p 00006000 fd:00 9704842                    /usr/lib/jvm/java-17-openjdk-amd64/lib/libjimage.so
7f189191b000-7f189191c000 rw-p 00007000 fd:00 9704842                    /usr/lib/jvm/java-17-openjdk-amd64/lib/libjimage.so
7f189191c000-7f189191e000 r--p 00000000 fd:00 9704843                    /usr/lib/jvm/java-17-openjdk-amd64/lib/libjli.so
7f189191e000-7f1891928000 r-xp 00002000 fd:00 9704843                    /usr/lib/jvm/java-17-openjdk-amd64/lib/libjli.so
7f1891928000-7f189192b000 r--p 0000c000 fd:00 9704843                    /usr/lib/jvm/java-17-openjdk-amd64/lib/libjli.so
7f189192b000-7f189192c000 ---p 0000f000 fd:00 9704843                    /usr/lib/jvm/java-17-openjdk-amd64/lib/libjli.so
7f189192c000-7f189192d000 r--p 0000f000 fd:00 9704843                    /usr/lib/jvm/java-17-openjdk-amd64/lib/libjli.so
7f189192d000-7f189192e000 rw-p 00010000 fd:00 9704843                    /usr/lib/jvm/java-17-openjdk-amd64/lib/libjli.so
7f189192e000-7f1891930000 rw-p 00000000 00:00 0 
7f1891930000-7f1891931000 r--p 00000000 fd:00 10094114                   /usr/lib/x86_64-linux-gnu/ld-2.31.so
7f1891931000-7f1891954000 r-xp 00001000 fd:00 10094114                   /usr/lib/x86_64-linux-gnu/ld-2.31.so
7f1891954000-7f189195c000 r--p 00024000 fd:00 10094114                   /usr/lib/x86_64-linux-gnu/ld-2.31.so
7f189195c000-7f189195d000 ---p 00000000 00:00 0 
7f189195d000-7f189195e000 r--p 0002c000 fd:00 10094114                   /usr/lib/x86_64-linux-gnu/ld-2.31.so
7f189195e000-7f189195f000 rw-p 0002d000 fd:00 10094114                   /usr/lib/x86_64-linux-gnu/ld-2.31.so
7f189195f000-7f1891960000 rw-p 00000000 00:00 0 
7ffd22ea4000-7ffd22ec7000 rw-p 00000000 00:00 0                          [stack]
7ffd22f0c000-7ffd22f10000 r--p 00000000 00:00 0                          [vvar]
7ffd22f10000-7ffd22f12000 r-xp 00000000 00:00 0                          [vdso]
ffffffffff600000-ffffffffff601000 --xp 00000000 00:00 0                  [vsyscall]


VM Arguments:
jvm_args: -javaagent:/home/homoakin619/.local/share/JetBrains/Toolbox/apps/IDEA-C/ch-0/231.8109.175/lib/idea_rt.jar=44641:/home/homoakin619/.local/share/JetBrains/Toolbox/apps/IDEA-C/ch-0/231.8109.175/bin -Dfile.encoding=UTF-8 
java_command: dev.alphacodez.marketplace.MarketplaceApplication
java_class_path (initial): /home/homoakin619/projects/Spring/marketplace/target/classes:/home/homoakin619/.m2/repository/org/springframework/boot/spring-boot-starter-data-jpa/3.0.6/spring-boot-starter-data-jpa-3.0.6.jar:/home/homoakin619/.m2/repository/org/springframework/boot/spring-boot-starter-aop/3.0.6/spring-boot-starter-aop-3.0.6.jar:/home/homoakin619/.m2/repository/org/aspectj/aspectjweaver/1.9.19/aspectjweaver-1.9.19.jar:/home/homoakin619/.m2/repository/org/springframework/boot/spring-boot-starter-jdbc/3.0.6/spring-boot-starter-jdbc-3.0.6.jar:/home/homoakin619/.m2/repository/com/zaxxer/HikariCP/5.0.1/HikariCP-5.0.1.jar:/home/homoakin619/.m2/repository/org/springframework/spring-jdbc/6.0.8/spring-jdbc-6.0.8.jar:/home/homoakin619/.m2/repository/org/hibernate/orm/hibernate-core/6.1.7.Final/hibernate-core-6.1.7.Final.jar:/home/homoakin619/.m2/repository/jakarta/persistence/jakarta.persistence-api/3.1.0/jakarta.persistence-api-3.1.0.jar:/home/homoakin619/.m2/repository/jakarta/transaction/jakarta.transaction-api/2.0.1/jakarta.transaction-api-2.0.1.jar:/home/homoakin619/.m2/repository/org/jboss/logging/jboss-logging/3.5.0.Final/jboss-logging-3.5.0.Final.jar:/home/homoakin619/.m2/repository/org/hibernate/common/hibernate-commons-annotations/6.0.6.Final/hibernate-commons-annotations-6.0.6.Final.jar:/home/homoakin619/.m2/repository/org/jboss/jandex/2.4.2.Final/jandex-2.4.2.Final.jar:/home/homoakin619/.m2/repository/com/fasterxml/classmate/1.5.1/classmate-1.5.1.jar:/home/homoakin619/.m2/repository/net/bytebuddy/byte-buddy/1.12.23/byte-buddy-1.12.23.jar:/home/homoakin619/.m2/repository/org/glassfish/jaxb/jaxb-runtime/4.0.2/jaxb-runtime-4.0.2.jar:/home/homoakin619/.m2/repository/org/glassfish/jaxb/jaxb-core/4.0.2/jaxb-core-4.0.2.jar:/home/homoakin619/.m2/repository/org/eclipse/angus/angus-activation/2.0.0/angus-activation-2.0.0.jar:/home/homoakin619/.m2/repository/org/glassfish/jaxb/txw2/4.0.2/txw2-4.0.2.jar:/home/homoakin619/.m2/repository/com/sun/istack/istack-commo
Launcher Type: SUN_STANDARD

[Global flags]
     intx CICompilerCount                          = 3                                         {product} {ergonomic}
     uint ConcGCThreads                            = 1                                         {product} {ergonomic}
     uint G1ConcRefinementThreads                  = 4                                         {product} {ergonomic}
   size_t G1HeapRegionSize                         = 1048576                                   {product} {ergonomic}
    uintx GCDrainStackTargetSize                   = 64                                        {product} {ergonomic}
   size_t InitialHeapSize                          = 130023424                                 {product} {ergonomic}
   size_t MarkStackSize                            = 4194304                                   {product} {ergonomic}
   size_t MaxHeapSize                              = 2053111808                                {product} {ergonomic}
   size_t MaxNewSize                               = 1231028224                                {product} {ergonomic}
   size_t MinHeapDeltaBytes                        = 1048576                                   {product} {ergonomic}
   size_t MinHeapSize                              = 8388608                                   {product} {ergonomic}
    uintx NonNMethodCodeHeapSize                   = 5832780                                {pd product} {ergonomic}
    uintx NonProfiledCodeHeapSize                  = 122912730                              {pd product} {ergonomic}
    uintx ProfiledCodeHeapSize                     = 122912730                              {pd product} {ergonomic}
    uintx ReservedCodeCacheSize                    = 251658240                              {pd product} {ergonomic}
     bool SegmentedCodeCache                       = true                                      {product} {ergonomic}
   size_t SoftMaxHeapSize                          = 2053111808                             {manageable} {ergonomic}
     bool UseCompressedClassPointers               = true                           {product lp64_product} {ergonomic}
     bool UseCompressedOops                        = true                           {product lp64_product} {ergonomic}
     bool UseG1GC                                  = true                                      {product} {ergonomic}

Logging:
Log output configuration:
 #0: stdout all=warning uptime,level,tags
 #1: stderr all=off uptime,level,tags

Environment Variables:
PATH=/home/homoakin619/.local/bin:/usr/local/sbin:/usr/local/bin:/usr/sbin:/usr/bin:/sbin:/bin:/usr/games:/usr/local/games:/snap/bin:/home/homoakin619/.local/share/JetBrains/Toolbox/scripts
USERNAME=homoakin619
SHELL=/bin/bash
DISPLAY=:0
LANG=en_US.UTF-8
LC_NUMERIC=en_US.UTF-8
LC_TIME=en_US.UTF-8

Signal Handlers:
   SIGSEGV: 0x00007f1891282f60 in libjvm.so+16121696, mask=11100100010111111101111111111110, flags=SA_RESTART|SA_SIGINFO
    SIGBUS: 0x00007f1891282f60 in libjvm.so+16121696, mask=11100100010111111101111111111110, flags=SA_RESTART|SA_SIGINFO
    SIGFPE: 0x00007f1891282f60 in libjvm.so+16121696, mask=11100100010111111101111111111110, flags=SA_RESTART|SA_SIGINFO
   SIGPIPE: 0x00007f1891121560 in libjvm.so+14673248, mask=11100100010111111101111111111110, flags=SA_RESTART|SA_SIGINFO
   SIGXFSZ: 0x00007f1891121560 in libjvm.so+14673248, mask=11100100010111111101111111111110, flags=SA_RESTART|SA_SIGINFO
    SIGILL: 0x00007f1891282f60 in libjvm.so+16121696, mask=11100100010111111101111111111110, flags=SA_RESTART|SA_SIGINFO
   SIGUSR2: 0x00007f1891120be0 in libjvm.so+14670816, mask=00100000000000000000000000000000, flags=SA_RESTART|SA_SIGINFO
    SIGHUP: 0x00007f1891120b20 in libjvm.so+14670624, mask=11100100010111111101111111111110, flags=SA_RESTART|SA_SIGINFO
    SIGINT: 0x00007f1891120b20 in libjvm.so+14670624, mask=11100100010111111101111111111110, flags=SA_RESTART|SA_SIGINFO
   SIGTERM: 0x00007f1891120b20 in libjvm.so+14670624, mask=11100100010111111101111111111110, flags=SA_RESTART|SA_SIGINFO
   SIGQUIT: 0x00007f1891120b20 in libjvm.so+14670624, mask=11100100010111111101111111111110, flags=SA_RESTART|SA_SIGINFO
   SIGTRAP: 0x00007f1891282f60 in libjvm.so+16121696, mask=11100100010111111101111111111110, flags=SA_RESTART|SA_SIGINFO


---------------  S Y S T E M  ---------------

OS:
DISTRIB_ID=elementary
DISTRIB_RELEASE=6.1
DISTRIB_CODENAME=jolnir
DISTRIB_DESCRIPTION="elementary OS 6 Jólnir"
uname: Linux 5.15.0-56-generic #62~20.04.1-Ubuntu SMP Tue Nov 22 21:24:20 UTC 2022 x86_64
OS uptime: 0 days 16:07 hours
libc: glibc 2.31 NPTL 2.31 
rlimit (soft/hard): STACK 8192k/infinity , CORE 0k/infinity , NPROC 30792/30792 , NOFILE 1048576/1048576 , AS infinity/infinity , CPU infinity/infinity , DATA infinity/infinity , FSIZE infinity/infinity , MEMLOCK 65536k/65536k
load average: 1.27 0.96 0.71

/proc/meminfo:
MemTotal:        8012008 kB
MemFree:          227812 kB
MemAvailable:    1261544 kB
Buffers:           81676 kB
Cached:          1685832 kB
SwapCached:        32044 kB
Active:          1858828 kB
Inactive:        5379048 kB
Active(anon):     940652 kB
Inactive(anon):  5091952 kB
Active(file):     918176 kB
Inactive(file):   287096 kB
Unevictable:      165180 kB
Mlocked:              48 kB
SwapTotal:       4001276 kB
SwapFree:        3195516 kB
Dirty:               828 kB
Writeback:             0 kB
AnonPages:       5607104 kB
Mapped:           647840 kB
Shmem:            563100 kB
KReclaimable:     100336 kB
Slab:             204872 kB
SReclaimable:     100336 kB
SUnreclaim:       104536 kB
KernelStack:       21680 kB
PageTables:        71760 kB
NFS_Unstable:          0 kB
Bounce:                0 kB
WritebackTmp:          0 kB
CommitLimit:     8007280 kB
Committed_AS:   17859692 kB
VmallocTotal:   34359738367 kB
VmallocUsed:       42492 kB
VmallocChunk:          0 kB
Percpu:             5760 kB
HardwareCorrupted:     0 kB
AnonHugePages:         0 kB
ShmemHugePages:        0 kB
ShmemPmdMapped:        0 kB
FileHugePages:         0 kB
FilePmdMapped:         0 kB
HugePages_Total:       0
HugePages_Free:        0
HugePages_Rsvd:        0
HugePages_Surp:        0
Hugepagesize:       2048 kB
Hugetlb:               0 kB
DirectMap4k:      321024 kB
DirectMap2M:     7940096 kB
DirectMap1G:     1048576 kB

/sys/kernel/mm/transparent_hugepage/enabled: always [madvise] never
/sys/kernel/mm/transparent_hugepage/defrag (defrag/compaction efforts parameter): always defer defer+madvise [madvise] never

Process Memory:
Virtual Size: 5762908K (peak: 5818136K)
Resident Set Size: 259288K (peak: 267332K) (anon: 229700K, file: 29588K, shmem: 0K)
Swapped out: 0K
C-Heap outstanding allocations: 43683K, retained: 54132K
glibc malloc tunables: (default)

/proc/sys/kernel/threads-max (system-wide limit on the number of threads): 61584
/proc/sys/vm/max_map_count (maximum number of memory map areas a process may have): 65530
/proc/sys/kernel/pid_max (system-wide limit on number of process identifiers): 4194304

container (cgroup) information:
container_type: cgroupv1
cpu_cpuset_cpus: 0-3
cpu_memory_nodes: 0
active_processor_count: 4
cpu_quota: no quota
cpu_period: 100000
cpu_shares: no shares
memory_limit_in_bytes: unlimited
memory_and_swap_limit_in_bytes: unlimited
memory_soft_limit_in_bytes: unlimited
memory_usage_in_bytes: 6879320 k
memory_max_usage_in_bytes: 7011868 k
kernel_memory_usage_in_bytes: 151704 k
kernel_memory_max_usage_in_bytes: unlimited
kernel_memory_limit_in_bytes: 154400 k
maximum number of tasks: unlimited
current number of tasks: 1004

Steal ticks since vm start: 0
Steal ticks percentage since vm start:  0.000

CPU: total 4 (initial active 4) (2 cores per cpu, 2 threads per core) family 6 model 61 stepping 4 microcode 0x2f, cx8, cmov, fxsr, ht, mmx, 3dnowpref, sse, sse2, sse3, ssse3, sse4.1, sse4.2, popcnt, lzcnt, tsc, tscinvbit, avx, avx2, aes, erms, clmul, bmi1, bmi2, rtm, adx, fma, vzeroupper, clflush
CPU Model and flags from /proc/cpuinfo:
model name	: Intel(R) Core(TM) i7-5600U CPU @ 2.60GHz
flags		: fpu vme de pse tsc msr pae mce cx8 apic sep mtrr pge mca cmov pat pse36 clflush dts acpi mmx fxsr sse sse2 ss ht tm pbe syscall nx pdpe1gb rdtscp lm constant_tsc arch_perfmon pebs bts rep_good nopl xtopology nonstop_tsc cpuid aperfmperf pni pclmulqdq dtes64 monitor ds_cpl smx est tm2 ssse3 sdbg fma cx16 xtpr pdcm pcid sse4_1 sse4_2 x2apic movbe popcnt tsc_deadline_timer aes xsave avx f16c rdrand lahf_lm abm 3dnowprefetch cpuid_fault epb invpcid_single pti ssbd ibrs ibpb stibp fsgsbase tsc_adjust bmi1 hle avx2 smep bmi2 erms invpcid rtm rdseed adx smap intel_pt xsaveopt dtherm ida arat pln pts md_clear flush_l1d

Online cpus: 0-3
Offline cpus: 4-7
BIOS frequency limitation: <Not Available>
Frequency switch latency (ns): 20000
Available cpu frequencies: <Not Available>
Current governor: ondemand
Core performance/turbo boost: <Not Available>

Memory: 4k page, physical 8012008k(227812k free), swap 4001276k(3195516k free)
Page Sizes: 4k

vm_info: OpenJDK 64-Bit Server VM (17.0.6+10-Ubuntu-0ubuntu120.04.1) for linux-amd64 JRE (17.0.6+10-Ubuntu-0ubuntu120.04.1), built on Jan 24 2023 21:06:33 by "buildd" with gcc 9.4.0

END.
